<html>
<head>
<title>TestNG:  Test</title>
<link href="../testng.css" rel="stylesheet" type="text/css" />
<link href="../my-testng.css" rel="stylesheet" type="text/css" />

<style type="text/css">
.log { display: none;} 
.stack-trace { display: none;} 
</style>
<script type="text/javascript">
<!--
function flip(e) {
  current = e.style.display;
  if (current == 'block') {
    e.style.display = 'none';
    return 0;
  }
  else {
    e.style.display = 'block';
    return 1;
  }
}

function toggleBox(szDivId, elem, msg1, msg2)
{
  var res = -1;  if (document.getElementById) {
    res = flip(document.getElementById(szDivId));
  }
  else if (document.all) {
    // this is the way old msie versions work
    res = flip(document.all[szDivId]);
  }
  if(elem) {
    if(res == 0) elem.innerHTML = msg1; else elem.innerHTML = msg2;
  }

}

function toggleAllBoxes() {
  if (document.getElementsByTagName) {
    d = document.getElementsByTagName('div');
    for (i = 0; i < d.length; i++) {
      if (d[i].className == 'log') {
        flip(d[i]);
      }
    }
  }
}

// -->
</script>

</head>
<body>
<h2 align='center'>Test</h2><table border='1' align="center">
<tr>
<td>Tests passed/Failed/Skipped:</td><td>93/22/0</td>
</tr><tr>
<td>Started on:</td><td>Mon Jul 22 18:57:19 IST 2024</td>
</tr>
<tr><td>Total time:</td><td>19 seconds (19500 ms)</td>
</tr><tr>
<td>Included groups:</td><td></td>
</tr><tr>
<td>Excluded groups:</td><td></td>
</tr>
</table><p/>
<small><i>(Hover the method name to see the test class name)</i></small><p/>
<table width='100%' border='1' class='invocation-failed'>
<tr><td colspan='4' align='center'><b>FAILED TESTS</b></td></tr>
<tr><td><b>Test method</b></td>
<td><b>Attribute(s)</b></td>
<td width="30%"><b>Exception</b></td>
<td width="10%"><b>Time (seconds)</b></td>
<td><b>Instance</b></td>
</tr>
<tr>
<td title='testcases.projects.GetProjectPriorityTestCases.verifyGetProjectPrioritiesWithInvalidAccessToken()'><b>verifyGetProjectPrioritiesWithInvalidAccessToken</b><br>Test class: testcases.projects.GetProjectPriorityTestCases</td>
<td><div><pre>java.lang.AssertionError: Expected failure with invalid access token did not expect [200] but found [200]
	at testcases.projects.GetProjectPriorityTestCases.verifyGetProjectPrioritiesWithInvalidAccessToken(GetProjectPriorityTestCases.java:67)
	at java.base/java.util.ArrayList.forEach(ArrayList.java:1511)
... Removed 31 stack frames</pre></div><a href='#' onClick='toggleBox("stack-trace1680784716", this, "Click to show all stack frames", "Click to hide stack frames")'>Click to show all stack frames</a>
<div class='stack-trace' id='stack-trace1680784716'><pre>java.lang.AssertionError: Expected failure with invalid access token did not expect [200] but found [200]
	at org.testng.Assert.fail(Assert.java:110)
	at org.testng.Assert.failEquals(Assert.java:1417)
	at org.testng.Assert.assertNotEqualsImpl(Assert.java:156)
	at org.testng.Assert.assertNotEquals(Assert.java:2033)
	at testcases.projects.GetProjectPriorityTestCases.verifyGetProjectPrioritiesWithInvalidAccessToken(GetProjectPriorityTestCases.java:67)
	at java.base/jdk.internal.reflect.NativeMethodAccessorImpl.invoke0(Native Method)
	at java.base/jdk.internal.reflect.NativeMethodAccessorImpl.invoke(NativeMethodAccessorImpl.java:77)
	at java.base/jdk.internal.reflect.DelegatingMethodAccessorImpl.invoke(DelegatingMethodAccessorImpl.java:43)
	at java.base/java.lang.reflect.Method.invoke(Method.java:568)
	at org.testng.internal.invokers.MethodInvocationHelper.invokeMethod(MethodInvocationHelper.java:139)
	at org.testng.internal.invokers.TestInvoker.invokeMethod(TestInvoker.java:677)
	at org.testng.internal.invokers.TestInvoker.invokeTestMethod(TestInvoker.java:221)
	at org.testng.internal.invokers.MethodRunner.runInSequence(MethodRunner.java:50)
	at org.testng.internal.invokers.TestInvoker$MethodInvocationAgent.invoke(TestInvoker.java:962)
	at org.testng.internal.invokers.TestInvoker.invokeTestMethods(TestInvoker.java:194)
	at org.testng.internal.invokers.TestMethodWorker.invokeTestMethods(TestMethodWorker.java:148)
	at org.testng.internal.invokers.TestMethodWorker.run(TestMethodWorker.java:128)
	at java.base/java.util.ArrayList.forEach(ArrayList.java:1511)
	at org.testng.TestRunner.privateRun(TestRunner.java:806)
	at org.testng.TestRunner.run(TestRunner.java:601)
	at org.testng.SuiteRunner.runTest(SuiteRunner.java:433)
	at org.testng.SuiteRunner.runSequentially(SuiteRunner.java:427)
	at org.testng.SuiteRunner.privateRun(SuiteRunner.java:387)
	at org.testng.SuiteRunner.run(SuiteRunner.java:330)
	at org.testng.SuiteRunnerWorker.runSuite(SuiteRunnerWorker.java:52)
	at org.testng.SuiteRunnerWorker.run(SuiteRunnerWorker.java:95)
	at org.testng.TestNG.runSuitesSequentially(TestNG.java:1256)
	at org.testng.TestNG.runSuitesLocally(TestNG.java:1176)
	at org.testng.TestNG.runSuites(TestNG.java:1099)
	at org.testng.TestNG.run(TestNG.java:1067)
	at org.testng.remote.AbstractRemoteTestNG.run(AbstractRemoteTestNG.java:115)
	at org.testng.remote.RemoteTestNG.initAndRun(RemoteTestNG.java:251)
	at org.testng.remote.RemoteTestNG.main(RemoteTestNG.java:77)
</pre></div></td>
<td>0</td>
<td>testcases.projects.GetProjectPriorityTestCases@72cc7e6f</td></tr>
<tr>
<td title='testcases.projects.CreateProjectTestCases.verifyCreateProjectWithEndDateBeforeStartDate()'><b>verifyCreateProjectWithEndDateBeforeStartDate</b><br>Test class: testcases.projects.CreateProjectTestCases</td>
<td><div><pre>java.lang.AssertionError: Project should not be created with end date before start date did not expect [200] but found [200]
	at testcases.projects.CreateProjectTestCases.verifyCreateProjectWithEndDateBeforeStartDate(CreateProjectTestCases.java:138)
	at java.base/java.util.ArrayList.forEach(ArrayList.java:1511)
... Removed 31 stack frames</pre></div><a href='#' onClick='toggleBox("stack-trace961106093", this, "Click to show all stack frames", "Click to hide stack frames")'>Click to show all stack frames</a>
<div class='stack-trace' id='stack-trace961106093'><pre>java.lang.AssertionError: Project should not be created with end date before start date did not expect [200] but found [200]
	at org.testng.Assert.fail(Assert.java:110)
	at org.testng.Assert.failEquals(Assert.java:1417)
	at org.testng.Assert.assertNotEqualsImpl(Assert.java:156)
	at org.testng.Assert.assertNotEquals(Assert.java:2033)
	at testcases.projects.CreateProjectTestCases.verifyCreateProjectWithEndDateBeforeStartDate(CreateProjectTestCases.java:138)
	at java.base/jdk.internal.reflect.NativeMethodAccessorImpl.invoke0(Native Method)
	at java.base/jdk.internal.reflect.NativeMethodAccessorImpl.invoke(NativeMethodAccessorImpl.java:77)
	at java.base/jdk.internal.reflect.DelegatingMethodAccessorImpl.invoke(DelegatingMethodAccessorImpl.java:43)
	at java.base/java.lang.reflect.Method.invoke(Method.java:568)
	at org.testng.internal.invokers.MethodInvocationHelper.invokeMethod(MethodInvocationHelper.java:139)
	at org.testng.internal.invokers.TestInvoker.invokeMethod(TestInvoker.java:677)
	at org.testng.internal.invokers.TestInvoker.invokeTestMethod(TestInvoker.java:221)
	at org.testng.internal.invokers.MethodRunner.runInSequence(MethodRunner.java:50)
	at org.testng.internal.invokers.TestInvoker$MethodInvocationAgent.invoke(TestInvoker.java:962)
	at org.testng.internal.invokers.TestInvoker.invokeTestMethods(TestInvoker.java:194)
	at org.testng.internal.invokers.TestMethodWorker.invokeTestMethods(TestMethodWorker.java:148)
	at org.testng.internal.invokers.TestMethodWorker.run(TestMethodWorker.java:128)
	at java.base/java.util.ArrayList.forEach(ArrayList.java:1511)
	at org.testng.TestRunner.privateRun(TestRunner.java:806)
	at org.testng.TestRunner.run(TestRunner.java:601)
	at org.testng.SuiteRunner.runTest(SuiteRunner.java:433)
	at org.testng.SuiteRunner.runSequentially(SuiteRunner.java:427)
	at org.testng.SuiteRunner.privateRun(SuiteRunner.java:387)
	at org.testng.SuiteRunner.run(SuiteRunner.java:330)
	at org.testng.SuiteRunnerWorker.runSuite(SuiteRunnerWorker.java:52)
	at org.testng.SuiteRunnerWorker.run(SuiteRunnerWorker.java:95)
	at org.testng.TestNG.runSuitesSequentially(TestNG.java:1256)
	at org.testng.TestNG.runSuitesLocally(TestNG.java:1176)
	at org.testng.TestNG.runSuites(TestNG.java:1099)
	at org.testng.TestNG.run(TestNG.java:1067)
	at org.testng.remote.AbstractRemoteTestNG.run(AbstractRemoteTestNG.java:115)
	at org.testng.remote.RemoteTestNG.initAndRun(RemoteTestNG.java:251)
	at org.testng.remote.RemoteTestNG.main(RemoteTestNG.java:77)
</pre></div></td>
<td>0</td>
<td>testcases.projects.CreateProjectTestCases@3f191845</td></tr>
<tr>
<td title='testcases.projects.UpdateProjectBudgetTestCases.verifyUpdateProjectBudgetWithInvalidToleranceValues()'><b>verifyUpdateProjectBudgetWithInvalidToleranceValues</b><br>Test class: testcases.projects.UpdateProjectBudgetTestCases</td>
<td><div><pre>java.lang.AssertionError: Project should not be updated with invalid tolerance values did not expect [200] but found [200]
	at testcases.projects.UpdateProjectBudgetTestCases.verifyUpdateProjectBudgetWithInvalidToleranceValues(UpdateProjectBudgetTestCases.java:232)
	at java.base/java.util.ArrayList.forEach(ArrayList.java:1511)
... Removed 31 stack frames</pre></div><a href='#' onClick='toggleBox("stack-trace1337590588", this, "Click to show all stack frames", "Click to hide stack frames")'>Click to show all stack frames</a>
<div class='stack-trace' id='stack-trace1337590588'><pre>java.lang.AssertionError: Project should not be updated with invalid tolerance values did not expect [200] but found [200]
	at org.testng.Assert.fail(Assert.java:110)
	at org.testng.Assert.failEquals(Assert.java:1417)
	at org.testng.Assert.assertNotEqualsImpl(Assert.java:156)
	at org.testng.Assert.assertNotEquals(Assert.java:2033)
	at testcases.projects.UpdateProjectBudgetTestCases.verifyUpdateProjectBudgetWithInvalidToleranceValues(UpdateProjectBudgetTestCases.java:232)
	at java.base/jdk.internal.reflect.NativeMethodAccessorImpl.invoke0(Native Method)
	at java.base/jdk.internal.reflect.NativeMethodAccessorImpl.invoke(NativeMethodAccessorImpl.java:77)
	at java.base/jdk.internal.reflect.DelegatingMethodAccessorImpl.invoke(DelegatingMethodAccessorImpl.java:43)
	at java.base/java.lang.reflect.Method.invoke(Method.java:568)
	at org.testng.internal.invokers.MethodInvocationHelper.invokeMethod(MethodInvocationHelper.java:139)
	at org.testng.internal.invokers.TestInvoker.invokeMethod(TestInvoker.java:677)
	at org.testng.internal.invokers.TestInvoker.invokeTestMethod(TestInvoker.java:221)
	at org.testng.internal.invokers.MethodRunner.runInSequence(MethodRunner.java:50)
	at org.testng.internal.invokers.TestInvoker$MethodInvocationAgent.invoke(TestInvoker.java:962)
	at org.testng.internal.invokers.TestInvoker.invokeTestMethods(TestInvoker.java:194)
	at org.testng.internal.invokers.TestMethodWorker.invokeTestMethods(TestMethodWorker.java:148)
	at org.testng.internal.invokers.TestMethodWorker.run(TestMethodWorker.java:128)
	at java.base/java.util.ArrayList.forEach(ArrayList.java:1511)
	at org.testng.TestRunner.privateRun(TestRunner.java:806)
	at org.testng.TestRunner.run(TestRunner.java:601)
	at org.testng.SuiteRunner.runTest(SuiteRunner.java:433)
	at org.testng.SuiteRunner.runSequentially(SuiteRunner.java:427)
	at org.testng.SuiteRunner.privateRun(SuiteRunner.java:387)
	at org.testng.SuiteRunner.run(SuiteRunner.java:330)
	at org.testng.SuiteRunnerWorker.runSuite(SuiteRunnerWorker.java:52)
	at org.testng.SuiteRunnerWorker.run(SuiteRunnerWorker.java:95)
	at org.testng.TestNG.runSuitesSequentially(TestNG.java:1256)
	at org.testng.TestNG.runSuitesLocally(TestNG.java:1176)
	at org.testng.TestNG.runSuites(TestNG.java:1099)
	at org.testng.TestNG.run(TestNG.java:1067)
	at org.testng.remote.AbstractRemoteTestNG.run(AbstractRemoteTestNG.java:115)
	at org.testng.remote.RemoteTestNG.initAndRun(RemoteTestNG.java:251)
	at org.testng.remote.RemoteTestNG.main(RemoteTestNG.java:77)
</pre></div></td>
<td>0</td>
<td>testcases.projects.UpdateProjectBudgetTestCases@606e4010</td></tr>
<tr>
<td title='testcases.projects.UpdateProjectClientTestCases.verifyUpdateProjectClientWithInvalidProjectIdABC()'><b>verifyUpdateProjectClientWithInvalidProjectIdABC</b><br>Test class: testcases.projects.UpdateProjectClientTestCases</td>
<td><div><pre>java.lang.AssertionError: Expected failure with invalid project ID: abc did not expect [200] but found [200]
	at testcases.projects.UpdateProjectClientTestCases.verifyUpdateProjectClientWithInvalidProjectIdABC(UpdateProjectClientTestCases.java:112)
	at java.base/java.util.ArrayList.forEach(ArrayList.java:1511)
... Removed 31 stack frames</pre></div><a href='#' onClick='toggleBox("stack-trace652081947", this, "Click to show all stack frames", "Click to hide stack frames")'>Click to show all stack frames</a>
<div class='stack-trace' id='stack-trace652081947'><pre>java.lang.AssertionError: Expected failure with invalid project ID: abc did not expect [200] but found [200]
	at org.testng.Assert.fail(Assert.java:110)
	at org.testng.Assert.failEquals(Assert.java:1417)
	at org.testng.Assert.assertNotEqualsImpl(Assert.java:156)
	at org.testng.Assert.assertNotEquals(Assert.java:2033)
	at testcases.projects.UpdateProjectClientTestCases.verifyUpdateProjectClientWithInvalidProjectIdABC(UpdateProjectClientTestCases.java:112)
	at java.base/jdk.internal.reflect.NativeMethodAccessorImpl.invoke0(Native Method)
	at java.base/jdk.internal.reflect.NativeMethodAccessorImpl.invoke(NativeMethodAccessorImpl.java:77)
	at java.base/jdk.internal.reflect.DelegatingMethodAccessorImpl.invoke(DelegatingMethodAccessorImpl.java:43)
	at java.base/java.lang.reflect.Method.invoke(Method.java:568)
	at org.testng.internal.invokers.MethodInvocationHelper.invokeMethod(MethodInvocationHelper.java:139)
	at org.testng.internal.invokers.TestInvoker.invokeMethod(TestInvoker.java:677)
	at org.testng.internal.invokers.TestInvoker.invokeTestMethod(TestInvoker.java:221)
	at org.testng.internal.invokers.MethodRunner.runInSequence(MethodRunner.java:50)
	at org.testng.internal.invokers.TestInvoker$MethodInvocationAgent.invoke(TestInvoker.java:962)
	at org.testng.internal.invokers.TestInvoker.invokeTestMethods(TestInvoker.java:194)
	at org.testng.internal.invokers.TestMethodWorker.invokeTestMethods(TestMethodWorker.java:148)
	at org.testng.internal.invokers.TestMethodWorker.run(TestMethodWorker.java:128)
	at java.base/java.util.ArrayList.forEach(ArrayList.java:1511)
	at org.testng.TestRunner.privateRun(TestRunner.java:806)
	at org.testng.TestRunner.run(TestRunner.java:601)
	at org.testng.SuiteRunner.runTest(SuiteRunner.java:433)
	at org.testng.SuiteRunner.runSequentially(SuiteRunner.java:427)
	at org.testng.SuiteRunner.privateRun(SuiteRunner.java:387)
	at org.testng.SuiteRunner.run(SuiteRunner.java:330)
	at org.testng.SuiteRunnerWorker.runSuite(SuiteRunnerWorker.java:52)
	at org.testng.SuiteRunnerWorker.run(SuiteRunnerWorker.java:95)
	at org.testng.TestNG.runSuitesSequentially(TestNG.java:1256)
	at org.testng.TestNG.runSuitesLocally(TestNG.java:1176)
	at org.testng.TestNG.runSuites(TestNG.java:1099)
	at org.testng.TestNG.run(TestNG.java:1067)
	at org.testng.remote.AbstractRemoteTestNG.run(AbstractRemoteTestNG.java:115)
	at org.testng.remote.RemoteTestNG.initAndRun(RemoteTestNG.java:251)
	at org.testng.remote.RemoteTestNG.main(RemoteTestNG.java:77)
</pre></div></td>
<td>0</td>
<td>testcases.projects.UpdateProjectClientTestCases@6caf0677</td></tr>
<tr>
<td title='testcases.projects.CreateProjectMemberTestCases.verifyCreateProjectMemberWithInvalidProjectIds()'><b>verifyCreateProjectMemberWithInvalidProjectIds</b><br>Test class: testcases.projects.CreateProjectMemberTestCases</td>
<td><div><pre>java.lang.AssertionError: Expected failure with invalid project ID: 12345 did not expect [200] but found [200]
	at testcases.projects.CreateProjectMemberTestCases.verifyCreateProjectMemberWithInvalidProjectIds(CreateProjectMemberTestCases.java:95)
	at java.base/java.util.ArrayList.forEach(ArrayList.java:1511)
... Removed 31 stack frames</pre></div><a href='#' onClick='toggleBox("stack-trace1311229184", this, "Click to show all stack frames", "Click to hide stack frames")'>Click to show all stack frames</a>
<div class='stack-trace' id='stack-trace1311229184'><pre>java.lang.AssertionError: Expected failure with invalid project ID: 12345 did not expect [200] but found [200]
	at org.testng.Assert.fail(Assert.java:110)
	at org.testng.Assert.failEquals(Assert.java:1417)
	at org.testng.Assert.assertNotEqualsImpl(Assert.java:156)
	at org.testng.Assert.assertNotEquals(Assert.java:2033)
	at testcases.projects.CreateProjectMemberTestCases.verifyCreateProjectMemberWithInvalidProjectIds(CreateProjectMemberTestCases.java:95)
	at java.base/jdk.internal.reflect.NativeMethodAccessorImpl.invoke0(Native Method)
	at java.base/jdk.internal.reflect.NativeMethodAccessorImpl.invoke(NativeMethodAccessorImpl.java:77)
	at java.base/jdk.internal.reflect.DelegatingMethodAccessorImpl.invoke(DelegatingMethodAccessorImpl.java:43)
	at java.base/java.lang.reflect.Method.invoke(Method.java:568)
	at org.testng.internal.invokers.MethodInvocationHelper.invokeMethod(MethodInvocationHelper.java:139)
	at org.testng.internal.invokers.TestInvoker.invokeMethod(TestInvoker.java:677)
	at org.testng.internal.invokers.TestInvoker.invokeTestMethod(TestInvoker.java:221)
	at org.testng.internal.invokers.MethodRunner.runInSequence(MethodRunner.java:50)
	at org.testng.internal.invokers.TestInvoker$MethodInvocationAgent.invoke(TestInvoker.java:962)
	at org.testng.internal.invokers.TestInvoker.invokeTestMethods(TestInvoker.java:194)
	at org.testng.internal.invokers.TestMethodWorker.invokeTestMethods(TestMethodWorker.java:148)
	at org.testng.internal.invokers.TestMethodWorker.run(TestMethodWorker.java:128)
	at java.base/java.util.ArrayList.forEach(ArrayList.java:1511)
	at org.testng.TestRunner.privateRun(TestRunner.java:806)
	at org.testng.TestRunner.run(TestRunner.java:601)
	at org.testng.SuiteRunner.runTest(SuiteRunner.java:433)
	at org.testng.SuiteRunner.runSequentially(SuiteRunner.java:427)
	at org.testng.SuiteRunner.privateRun(SuiteRunner.java:387)
	at org.testng.SuiteRunner.run(SuiteRunner.java:330)
	at org.testng.SuiteRunnerWorker.runSuite(SuiteRunnerWorker.java:52)
	at org.testng.SuiteRunnerWorker.run(SuiteRunnerWorker.java:95)
	at org.testng.TestNG.runSuitesSequentially(TestNG.java:1256)
	at org.testng.TestNG.runSuitesLocally(TestNG.java:1176)
	at org.testng.TestNG.runSuites(TestNG.java:1099)
	at org.testng.TestNG.run(TestNG.java:1067)
	at org.testng.remote.AbstractRemoteTestNG.run(AbstractRemoteTestNG.java:115)
	at org.testng.remote.RemoteTestNG.initAndRun(RemoteTestNG.java:251)
	at org.testng.remote.RemoteTestNG.main(RemoteTestNG.java:77)
</pre></div></td>
<td>0</td>
<td>testcases.projects.CreateProjectMemberTestCases@48075da3</td></tr>
<tr>
<td title='testcases.projects.GetAllProjectMemberTestCases.verifyGetAllProjectMembersWithInvalidProjectId()'><b>verifyGetAllProjectMembersWithInvalidProjectId</b><br>Test class: testcases.projects.GetAllProjectMemberTestCases</td>
<td><div><pre>java.lang.AssertionError: Expected failure with invalid project ID: 12345 did not expect [200] but found [200]
	at testcases.projects.GetAllProjectMemberTestCases.verifyGetAllProjectMembersWithInvalidProjectId(GetAllProjectMemberTestCases.java:76)
	at java.base/java.util.ArrayList.forEach(ArrayList.java:1511)
... Removed 31 stack frames</pre></div><a href='#' onClick='toggleBox("stack-trace295707719", this, "Click to show all stack frames", "Click to hide stack frames")'>Click to show all stack frames</a>
<div class='stack-trace' id='stack-trace295707719'><pre>java.lang.AssertionError: Expected failure with invalid project ID: 12345 did not expect [200] but found [200]
	at org.testng.Assert.fail(Assert.java:110)
	at org.testng.Assert.failEquals(Assert.java:1417)
	at org.testng.Assert.assertNotEqualsImpl(Assert.java:156)
	at org.testng.Assert.assertNotEquals(Assert.java:2033)
	at testcases.projects.GetAllProjectMemberTestCases.verifyGetAllProjectMembersWithInvalidProjectId(GetAllProjectMemberTestCases.java:76)
	at java.base/jdk.internal.reflect.NativeMethodAccessorImpl.invoke0(Native Method)
	at java.base/jdk.internal.reflect.NativeMethodAccessorImpl.invoke(NativeMethodAccessorImpl.java:77)
	at java.base/jdk.internal.reflect.DelegatingMethodAccessorImpl.invoke(DelegatingMethodAccessorImpl.java:43)
	at java.base/java.lang.reflect.Method.invoke(Method.java:568)
	at org.testng.internal.invokers.MethodInvocationHelper.invokeMethod(MethodInvocationHelper.java:139)
	at org.testng.internal.invokers.TestInvoker.invokeMethod(TestInvoker.java:677)
	at org.testng.internal.invokers.TestInvoker.invokeTestMethod(TestInvoker.java:221)
	at org.testng.internal.invokers.MethodRunner.runInSequence(MethodRunner.java:50)
	at org.testng.internal.invokers.TestInvoker$MethodInvocationAgent.invoke(TestInvoker.java:962)
	at org.testng.internal.invokers.TestInvoker.invokeTestMethods(TestInvoker.java:194)
	at org.testng.internal.invokers.TestMethodWorker.invokeTestMethods(TestMethodWorker.java:148)
	at org.testng.internal.invokers.TestMethodWorker.run(TestMethodWorker.java:128)
	at java.base/java.util.ArrayList.forEach(ArrayList.java:1511)
	at org.testng.TestRunner.privateRun(TestRunner.java:806)
	at org.testng.TestRunner.run(TestRunner.java:601)
	at org.testng.SuiteRunner.runTest(SuiteRunner.java:433)
	at org.testng.SuiteRunner.runSequentially(SuiteRunner.java:427)
	at org.testng.SuiteRunner.privateRun(SuiteRunner.java:387)
	at org.testng.SuiteRunner.run(SuiteRunner.java:330)
	at org.testng.SuiteRunnerWorker.runSuite(SuiteRunnerWorker.java:52)
	at org.testng.SuiteRunnerWorker.run(SuiteRunnerWorker.java:95)
	at org.testng.TestNG.runSuitesSequentially(TestNG.java:1256)
	at org.testng.TestNG.runSuitesLocally(TestNG.java:1176)
	at org.testng.TestNG.runSuites(TestNG.java:1099)
	at org.testng.TestNG.run(TestNG.java:1067)
	at org.testng.remote.AbstractRemoteTestNG.run(AbstractRemoteTestNG.java:115)
	at org.testng.remote.RemoteTestNG.initAndRun(RemoteTestNG.java:251)
	at org.testng.remote.RemoteTestNG.main(RemoteTestNG.java:77)
</pre></div></td>
<td>0</td>
<td>testcases.projects.GetAllProjectMemberTestCases@cc43f62</td></tr>
<tr>
<td title='testcases.projects.DeleteProjectByIdTestCases.verifyDeleteProjectById()'><b>verifyDeleteProjectById</b><br>Test class: testcases.projects.DeleteProjectByIdTestCases</td>
<td><div><pre>java.lang.AssertionError: Failed to delete project expected [200] but found [404]
	at testcases.projects.DeleteProjectByIdTestCases.verifyDeleteProjectById(DeleteProjectByIdTestCases.java:44)
	at java.base/java.util.ArrayList.forEach(ArrayList.java:1511)
... Removed 32 stack frames</pre></div><a href='#' onClick='toggleBox("stack-trace1895541523", this, "Click to show all stack frames", "Click to hide stack frames")'>Click to show all stack frames</a>
<div class='stack-trace' id='stack-trace1895541523'><pre>java.lang.AssertionError: Failed to delete project expected [200] but found [404]
	at org.testng.Assert.fail(Assert.java:110)
	at org.testng.Assert.failNotEquals(Assert.java:1413)
	at org.testng.Assert.assertEqualsImpl(Assert.java:149)
	at org.testng.Assert.assertEquals(Assert.java:131)
	at org.testng.Assert.assertEquals(Assert.java:1240)
	at testcases.projects.DeleteProjectByIdTestCases.verifyDeleteProjectById(DeleteProjectByIdTestCases.java:44)
	at java.base/jdk.internal.reflect.NativeMethodAccessorImpl.invoke0(Native Method)
	at java.base/jdk.internal.reflect.NativeMethodAccessorImpl.invoke(NativeMethodAccessorImpl.java:77)
	at java.base/jdk.internal.reflect.DelegatingMethodAccessorImpl.invoke(DelegatingMethodAccessorImpl.java:43)
	at java.base/java.lang.reflect.Method.invoke(Method.java:568)
	at org.testng.internal.invokers.MethodInvocationHelper.invokeMethod(MethodInvocationHelper.java:139)
	at org.testng.internal.invokers.TestInvoker.invokeMethod(TestInvoker.java:677)
	at org.testng.internal.invokers.TestInvoker.invokeTestMethod(TestInvoker.java:221)
	at org.testng.internal.invokers.MethodRunner.runInSequence(MethodRunner.java:50)
	at org.testng.internal.invokers.TestInvoker$MethodInvocationAgent.invoke(TestInvoker.java:962)
	at org.testng.internal.invokers.TestInvoker.invokeTestMethods(TestInvoker.java:194)
	at org.testng.internal.invokers.TestMethodWorker.invokeTestMethods(TestMethodWorker.java:148)
	at org.testng.internal.invokers.TestMethodWorker.run(TestMethodWorker.java:128)
	at java.base/java.util.ArrayList.forEach(ArrayList.java:1511)
	at org.testng.TestRunner.privateRun(TestRunner.java:806)
	at org.testng.TestRunner.run(TestRunner.java:601)
	at org.testng.SuiteRunner.runTest(SuiteRunner.java:433)
	at org.testng.SuiteRunner.runSequentially(SuiteRunner.java:427)
	at org.testng.SuiteRunner.privateRun(SuiteRunner.java:387)
	at org.testng.SuiteRunner.run(SuiteRunner.java:330)
	at org.testng.SuiteRunnerWorker.runSuite(SuiteRunnerWorker.java:52)
	at org.testng.SuiteRunnerWorker.run(SuiteRunnerWorker.java:95)
	at org.testng.TestNG.runSuitesSequentially(TestNG.java:1256)
	at org.testng.TestNG.runSuitesLocally(TestNG.java:1176)
	at org.testng.TestNG.runSuites(TestNG.java:1099)
	at org.testng.TestNG.run(TestNG.java:1067)
	at org.testng.remote.AbstractRemoteTestNG.run(AbstractRemoteTestNG.java:115)
	at org.testng.remote.RemoteTestNG.initAndRun(RemoteTestNG.java:251)
	at org.testng.remote.RemoteTestNG.main(RemoteTestNG.java:77)
</pre></div></td>
<td>0</td>
<td>testcases.projects.DeleteProjectByIdTestCases@909217e</td></tr>
<tr>
<td title='testcases.projects.UpdateProjectManagerTestCases.verifyUpdateProjectManagerWithInvalidManagerId()'><b>verifyUpdateProjectManagerWithInvalidManagerId</b><br>Test class: testcases.projects.UpdateProjectManagerTestCases</td>
<td><div><pre>java.lang.AssertionError: Expected failure with invalid manager ID: 12345 did not expect [200] but found [200]
	at testcases.projects.UpdateProjectManagerTestCases.verifyUpdateProjectManagerWithInvalidManagerId(UpdateProjectManagerTestCases.java:146)
	at java.base/java.util.ArrayList.forEach(ArrayList.java:1511)
... Removed 31 stack frames</pre></div><a href='#' onClick='toggleBox("stack-trace2090214558", this, "Click to show all stack frames", "Click to hide stack frames")'>Click to show all stack frames</a>
<div class='stack-trace' id='stack-trace2090214558'><pre>java.lang.AssertionError: Expected failure with invalid manager ID: 12345 did not expect [200] but found [200]
	at org.testng.Assert.fail(Assert.java:110)
	at org.testng.Assert.failEquals(Assert.java:1417)
	at org.testng.Assert.assertNotEqualsImpl(Assert.java:156)
	at org.testng.Assert.assertNotEquals(Assert.java:2033)
	at testcases.projects.UpdateProjectManagerTestCases.verifyUpdateProjectManagerWithInvalidManagerId(UpdateProjectManagerTestCases.java:146)
	at java.base/jdk.internal.reflect.NativeMethodAccessorImpl.invoke0(Native Method)
	at java.base/jdk.internal.reflect.NativeMethodAccessorImpl.invoke(NativeMethodAccessorImpl.java:77)
	at java.base/jdk.internal.reflect.DelegatingMethodAccessorImpl.invoke(DelegatingMethodAccessorImpl.java:43)
	at java.base/java.lang.reflect.Method.invoke(Method.java:568)
	at org.testng.internal.invokers.MethodInvocationHelper.invokeMethod(MethodInvocationHelper.java:139)
	at org.testng.internal.invokers.TestInvoker.invokeMethod(TestInvoker.java:677)
	at org.testng.internal.invokers.TestInvoker.invokeTestMethod(TestInvoker.java:221)
	at org.testng.internal.invokers.MethodRunner.runInSequence(MethodRunner.java:50)
	at org.testng.internal.invokers.TestInvoker$MethodInvocationAgent.invoke(TestInvoker.java:962)
	at org.testng.internal.invokers.TestInvoker.invokeTestMethods(TestInvoker.java:194)
	at org.testng.internal.invokers.TestMethodWorker.invokeTestMethods(TestMethodWorker.java:148)
	at org.testng.internal.invokers.TestMethodWorker.run(TestMethodWorker.java:128)
	at java.base/java.util.ArrayList.forEach(ArrayList.java:1511)
	at org.testng.TestRunner.privateRun(TestRunner.java:806)
	at org.testng.TestRunner.run(TestRunner.java:601)
	at org.testng.SuiteRunner.runTest(SuiteRunner.java:433)
	at org.testng.SuiteRunner.runSequentially(SuiteRunner.java:427)
	at org.testng.SuiteRunner.privateRun(SuiteRunner.java:387)
	at org.testng.SuiteRunner.run(SuiteRunner.java:330)
	at org.testng.SuiteRunnerWorker.runSuite(SuiteRunnerWorker.java:52)
	at org.testng.SuiteRunnerWorker.run(SuiteRunnerWorker.java:95)
	at org.testng.TestNG.runSuitesSequentially(TestNG.java:1256)
	at org.testng.TestNG.runSuitesLocally(TestNG.java:1176)
	at org.testng.TestNG.runSuites(TestNG.java:1099)
	at org.testng.TestNG.run(TestNG.java:1067)
	at org.testng.remote.AbstractRemoteTestNG.run(AbstractRemoteTestNG.java:115)
	at org.testng.remote.RemoteTestNG.initAndRun(RemoteTestNG.java:251)
	at org.testng.remote.RemoteTestNG.main(RemoteTestNG.java:77)
</pre></div></td>
<td>0</td>
<td>testcases.projects.UpdateProjectManagerTestCases@68c9133c</td></tr>
<tr>
<td title='testcases.projects.UpdateProjectClientTestCases.verifyUpdateProjectClientWithInvalidClientIds()'><b>verifyUpdateProjectClientWithInvalidClientIds</b><br>Test class: testcases.projects.UpdateProjectClientTestCases</td>
<td><div><pre>java.lang.AssertionError: Expected failure with invalid client ID: 1234 did not expect [200] but found [200]
	at testcases.projects.UpdateProjectClientTestCases.verifyUpdateProjectClientWithInvalidClientIds(UpdateProjectClientTestCases.java:197)
	at java.base/java.util.ArrayList.forEach(ArrayList.java:1511)
... Removed 31 stack frames</pre></div><a href='#' onClick='toggleBox("stack-trace1822919213", this, "Click to show all stack frames", "Click to hide stack frames")'>Click to show all stack frames</a>
<div class='stack-trace' id='stack-trace1822919213'><pre>java.lang.AssertionError: Expected failure with invalid client ID: 1234 did not expect [200] but found [200]
	at org.testng.Assert.fail(Assert.java:110)
	at org.testng.Assert.failEquals(Assert.java:1417)
	at org.testng.Assert.assertNotEqualsImpl(Assert.java:156)
	at org.testng.Assert.assertNotEquals(Assert.java:2033)
	at testcases.projects.UpdateProjectClientTestCases.verifyUpdateProjectClientWithInvalidClientIds(UpdateProjectClientTestCases.java:197)
	at java.base/jdk.internal.reflect.NativeMethodAccessorImpl.invoke0(Native Method)
	at java.base/jdk.internal.reflect.NativeMethodAccessorImpl.invoke(NativeMethodAccessorImpl.java:77)
	at java.base/jdk.internal.reflect.DelegatingMethodAccessorImpl.invoke(DelegatingMethodAccessorImpl.java:43)
	at java.base/java.lang.reflect.Method.invoke(Method.java:568)
	at org.testng.internal.invokers.MethodInvocationHelper.invokeMethod(MethodInvocationHelper.java:139)
	at org.testng.internal.invokers.TestInvoker.invokeMethod(TestInvoker.java:677)
	at org.testng.internal.invokers.TestInvoker.invokeTestMethod(TestInvoker.java:221)
	at org.testng.internal.invokers.MethodRunner.runInSequence(MethodRunner.java:50)
	at org.testng.internal.invokers.TestInvoker$MethodInvocationAgent.invoke(TestInvoker.java:962)
	at org.testng.internal.invokers.TestInvoker.invokeTestMethods(TestInvoker.java:194)
	at org.testng.internal.invokers.TestMethodWorker.invokeTestMethods(TestMethodWorker.java:148)
	at org.testng.internal.invokers.TestMethodWorker.run(TestMethodWorker.java:128)
	at java.base/java.util.ArrayList.forEach(ArrayList.java:1511)
	at org.testng.TestRunner.privateRun(TestRunner.java:806)
	at org.testng.TestRunner.run(TestRunner.java:601)
	at org.testng.SuiteRunner.runTest(SuiteRunner.java:433)
	at org.testng.SuiteRunner.runSequentially(SuiteRunner.java:427)
	at org.testng.SuiteRunner.privateRun(SuiteRunner.java:387)
	at org.testng.SuiteRunner.run(SuiteRunner.java:330)
	at org.testng.SuiteRunnerWorker.runSuite(SuiteRunnerWorker.java:52)
	at org.testng.SuiteRunnerWorker.run(SuiteRunnerWorker.java:95)
	at org.testng.TestNG.runSuitesSequentially(TestNG.java:1256)
	at org.testng.TestNG.runSuitesLocally(TestNG.java:1176)
	at org.testng.TestNG.runSuites(TestNG.java:1099)
	at org.testng.TestNG.run(TestNG.java:1067)
	at org.testng.remote.AbstractRemoteTestNG.run(AbstractRemoteTestNG.java:115)
	at org.testng.remote.RemoteTestNG.initAndRun(RemoteTestNG.java:251)
	at org.testng.remote.RemoteTestNG.main(RemoteTestNG.java:77)
</pre></div></td>
<td>0</td>
<td>testcases.projects.UpdateProjectClientTestCases@6caf0677</td></tr>
<tr>
<td title='testcases.projects.GetProjectPriorityTestCases.verifyGetProjectPrioritiesWithInvalidTenantId()'><b>verifyGetProjectPrioritiesWithInvalidTenantId</b><br>Test class: testcases.projects.GetProjectPriorityTestCases</td>
<td><div><pre>java.lang.AssertionError: Expected failure with invalid tenant id did not expect [200] but found [200]
	at testcases.projects.GetProjectPriorityTestCases.verifyGetProjectPrioritiesWithInvalidTenantId(GetProjectPriorityTestCases.java:85)
	at java.base/java.util.ArrayList.forEach(ArrayList.java:1511)
... Removed 31 stack frames</pre></div><a href='#' onClick='toggleBox("stack-trace254669696", this, "Click to show all stack frames", "Click to hide stack frames")'>Click to show all stack frames</a>
<div class='stack-trace' id='stack-trace254669696'><pre>java.lang.AssertionError: Expected failure with invalid tenant id did not expect [200] but found [200]
	at org.testng.Assert.fail(Assert.java:110)
	at org.testng.Assert.failEquals(Assert.java:1417)
	at org.testng.Assert.assertNotEqualsImpl(Assert.java:156)
	at org.testng.Assert.assertNotEquals(Assert.java:2033)
	at testcases.projects.GetProjectPriorityTestCases.verifyGetProjectPrioritiesWithInvalidTenantId(GetProjectPriorityTestCases.java:85)
	at java.base/jdk.internal.reflect.NativeMethodAccessorImpl.invoke0(Native Method)
	at java.base/jdk.internal.reflect.NativeMethodAccessorImpl.invoke(NativeMethodAccessorImpl.java:77)
	at java.base/jdk.internal.reflect.DelegatingMethodAccessorImpl.invoke(DelegatingMethodAccessorImpl.java:43)
	at java.base/java.lang.reflect.Method.invoke(Method.java:568)
	at org.testng.internal.invokers.MethodInvocationHelper.invokeMethod(MethodInvocationHelper.java:139)
	at org.testng.internal.invokers.TestInvoker.invokeMethod(TestInvoker.java:677)
	at org.testng.internal.invokers.TestInvoker.invokeTestMethod(TestInvoker.java:221)
	at org.testng.internal.invokers.MethodRunner.runInSequence(MethodRunner.java:50)
	at org.testng.internal.invokers.TestInvoker$MethodInvocationAgent.invoke(TestInvoker.java:962)
	at org.testng.internal.invokers.TestInvoker.invokeTestMethods(TestInvoker.java:194)
	at org.testng.internal.invokers.TestMethodWorker.invokeTestMethods(TestMethodWorker.java:148)
	at org.testng.internal.invokers.TestMethodWorker.run(TestMethodWorker.java:128)
	at java.base/java.util.ArrayList.forEach(ArrayList.java:1511)
	at org.testng.TestRunner.privateRun(TestRunner.java:806)
	at org.testng.TestRunner.run(TestRunner.java:601)
	at org.testng.SuiteRunner.runTest(SuiteRunner.java:433)
	at org.testng.SuiteRunner.runSequentially(SuiteRunner.java:427)
	at org.testng.SuiteRunner.privateRun(SuiteRunner.java:387)
	at org.testng.SuiteRunner.run(SuiteRunner.java:330)
	at org.testng.SuiteRunnerWorker.runSuite(SuiteRunnerWorker.java:52)
	at org.testng.SuiteRunnerWorker.run(SuiteRunnerWorker.java:95)
	at org.testng.TestNG.runSuitesSequentially(TestNG.java:1256)
	at org.testng.TestNG.runSuitesLocally(TestNG.java:1176)
	at org.testng.TestNG.runSuites(TestNG.java:1099)
	at org.testng.TestNG.run(TestNG.java:1067)
	at org.testng.remote.AbstractRemoteTestNG.run(AbstractRemoteTestNG.java:115)
	at org.testng.remote.RemoteTestNG.initAndRun(RemoteTestNG.java:251)
	at org.testng.remote.RemoteTestNG.main(RemoteTestNG.java:77)
</pre></div></td>
<td>0</td>
<td>testcases.projects.GetProjectPriorityTestCases@72cc7e6f</td></tr>
<tr>
<td title='testcases.projects.CreateProjectTestCases.verifyCreateProjectWithInvalidProjectPriority()'><b>verifyCreateProjectWithInvalidProjectPriority</b><br>Test class: testcases.projects.CreateProjectTestCases</td>
<td><div><pre>java.lang.AssertionError: Project should not be created with invalid project priority did not expect [200] but found [200]
	at testcases.projects.CreateProjectTestCases.verifyCreateProjectWithInvalidProjectPriority(CreateProjectTestCases.java:190)
	at java.base/java.util.ArrayList.forEach(ArrayList.java:1511)
... Removed 31 stack frames</pre></div><a href='#' onClick='toggleBox("stack-trace224447405", this, "Click to show all stack frames", "Click to hide stack frames")'>Click to show all stack frames</a>
<div class='stack-trace' id='stack-trace224447405'><pre>java.lang.AssertionError: Project should not be created with invalid project priority did not expect [200] but found [200]
	at org.testng.Assert.fail(Assert.java:110)
	at org.testng.Assert.failEquals(Assert.java:1417)
	at org.testng.Assert.assertNotEqualsImpl(Assert.java:156)
	at org.testng.Assert.assertNotEquals(Assert.java:2033)
	at testcases.projects.CreateProjectTestCases.verifyCreateProjectWithInvalidProjectPriority(CreateProjectTestCases.java:190)
	at java.base/jdk.internal.reflect.NativeMethodAccessorImpl.invoke0(Native Method)
	at java.base/jdk.internal.reflect.NativeMethodAccessorImpl.invoke(NativeMethodAccessorImpl.java:77)
	at java.base/jdk.internal.reflect.DelegatingMethodAccessorImpl.invoke(DelegatingMethodAccessorImpl.java:43)
	at java.base/java.lang.reflect.Method.invoke(Method.java:568)
	at org.testng.internal.invokers.MethodInvocationHelper.invokeMethod(MethodInvocationHelper.java:139)
	at org.testng.internal.invokers.TestInvoker.invokeMethod(TestInvoker.java:677)
	at org.testng.internal.invokers.TestInvoker.invokeTestMethod(TestInvoker.java:221)
	at org.testng.internal.invokers.MethodRunner.runInSequence(MethodRunner.java:50)
	at org.testng.internal.invokers.TestInvoker$MethodInvocationAgent.invoke(TestInvoker.java:962)
	at org.testng.internal.invokers.TestInvoker.invokeTestMethods(TestInvoker.java:194)
	at org.testng.internal.invokers.TestMethodWorker.invokeTestMethods(TestMethodWorker.java:148)
	at org.testng.internal.invokers.TestMethodWorker.run(TestMethodWorker.java:128)
	at java.base/java.util.ArrayList.forEach(ArrayList.java:1511)
	at org.testng.TestRunner.privateRun(TestRunner.java:806)
	at org.testng.TestRunner.run(TestRunner.java:601)
	at org.testng.SuiteRunner.runTest(SuiteRunner.java:433)
	at org.testng.SuiteRunner.runSequentially(SuiteRunner.java:427)
	at org.testng.SuiteRunner.privateRun(SuiteRunner.java:387)
	at org.testng.SuiteRunner.run(SuiteRunner.java:330)
	at org.testng.SuiteRunnerWorker.runSuite(SuiteRunnerWorker.java:52)
	at org.testng.SuiteRunnerWorker.run(SuiteRunnerWorker.java:95)
	at org.testng.TestNG.runSuitesSequentially(TestNG.java:1256)
	at org.testng.TestNG.runSuitesLocally(TestNG.java:1176)
	at org.testng.TestNG.runSuites(TestNG.java:1099)
	at org.testng.TestNG.run(TestNG.java:1067)
	at org.testng.remote.AbstractRemoteTestNG.run(AbstractRemoteTestNG.java:115)
	at org.testng.remote.RemoteTestNG.initAndRun(RemoteTestNG.java:251)
	at org.testng.remote.RemoteTestNG.main(RemoteTestNG.java:77)
</pre></div></td>
<td>0</td>
<td>testcases.projects.CreateProjectTestCases@3f191845</td></tr>
<tr>
<td title='testcases.projects.DeleteProjectClientTestCases.verifyDeleteProjectClientWithInvalidClientIds()'><b>verifyDeleteProjectClientWithInvalidClientIds</b><br>Test class: testcases.projects.DeleteProjectClientTestCases</td>
<td><div><pre>java.lang.AssertionError: Expected failure with invalid client ID: 12345 did not expect [200] but found [200]
	at testcases.projects.DeleteProjectClientTestCases.verifyDeleteProjectClientWithInvalidClientIds(DeleteProjectClientTestCases.java:60)
	at java.base/java.util.ArrayList.forEach(ArrayList.java:1511)
... Removed 31 stack frames</pre></div><a href='#' onClick='toggleBox("stack-trace624095199", this, "Click to show all stack frames", "Click to hide stack frames")'>Click to show all stack frames</a>
<div class='stack-trace' id='stack-trace624095199'><pre>java.lang.AssertionError: Expected failure with invalid client ID: 12345 did not expect [200] but found [200]
	at org.testng.Assert.fail(Assert.java:110)
	at org.testng.Assert.failEquals(Assert.java:1417)
	at org.testng.Assert.assertNotEqualsImpl(Assert.java:156)
	at org.testng.Assert.assertNotEquals(Assert.java:2033)
	at testcases.projects.DeleteProjectClientTestCases.verifyDeleteProjectClientWithInvalidClientIds(DeleteProjectClientTestCases.java:60)
	at java.base/jdk.internal.reflect.NativeMethodAccessorImpl.invoke0(Native Method)
	at java.base/jdk.internal.reflect.NativeMethodAccessorImpl.invoke(NativeMethodAccessorImpl.java:77)
	at java.base/jdk.internal.reflect.DelegatingMethodAccessorImpl.invoke(DelegatingMethodAccessorImpl.java:43)
	at java.base/java.lang.reflect.Method.invoke(Method.java:568)
	at org.testng.internal.invokers.MethodInvocationHelper.invokeMethod(MethodInvocationHelper.java:139)
	at org.testng.internal.invokers.TestInvoker.invokeMethod(TestInvoker.java:677)
	at org.testng.internal.invokers.TestInvoker.invokeTestMethod(TestInvoker.java:221)
	at org.testng.internal.invokers.MethodRunner.runInSequence(MethodRunner.java:50)
	at org.testng.internal.invokers.TestInvoker$MethodInvocationAgent.invoke(TestInvoker.java:962)
	at org.testng.internal.invokers.TestInvoker.invokeTestMethods(TestInvoker.java:194)
	at org.testng.internal.invokers.TestMethodWorker.invokeTestMethods(TestMethodWorker.java:148)
	at org.testng.internal.invokers.TestMethodWorker.run(TestMethodWorker.java:128)
	at java.base/java.util.ArrayList.forEach(ArrayList.java:1511)
	at org.testng.TestRunner.privateRun(TestRunner.java:806)
	at org.testng.TestRunner.run(TestRunner.java:601)
	at org.testng.SuiteRunner.runTest(SuiteRunner.java:433)
	at org.testng.SuiteRunner.runSequentially(SuiteRunner.java:427)
	at org.testng.SuiteRunner.privateRun(SuiteRunner.java:387)
	at org.testng.SuiteRunner.run(SuiteRunner.java:330)
	at org.testng.SuiteRunnerWorker.runSuite(SuiteRunnerWorker.java:52)
	at org.testng.SuiteRunnerWorker.run(SuiteRunnerWorker.java:95)
	at org.testng.TestNG.runSuitesSequentially(TestNG.java:1256)
	at org.testng.TestNG.runSuitesLocally(TestNG.java:1176)
	at org.testng.TestNG.runSuites(TestNG.java:1099)
	at org.testng.TestNG.run(TestNG.java:1067)
	at org.testng.remote.AbstractRemoteTestNG.run(AbstractRemoteTestNG.java:115)
	at org.testng.remote.RemoteTestNG.initAndRun(RemoteTestNG.java:251)
	at org.testng.remote.RemoteTestNG.main(RemoteTestNG.java:77)
</pre></div></td>
<td>0</td>
<td>testcases.projects.DeleteProjectClientTestCases@413d1baf</td></tr>
<tr>
<td title='testcases.projects.DeleteProjectMemberTestCases.verifyDeleteProjectMemberWithInvalidMemberId()'><b>verifyDeleteProjectMemberWithInvalidMemberId</b><br>Test class: testcases.projects.DeleteProjectMemberTestCases</td>
<td><div><pre>java.lang.AssertionError: Expected failure with invalid member ID: 99999 did not expect [200] but found [200]
	at testcases.projects.DeleteProjectMemberTestCases.verifyDeleteProjectMemberWithInvalidMemberId(DeleteProjectMemberTestCases.java:70)
	at java.base/java.util.ArrayList.forEach(ArrayList.java:1511)
... Removed 31 stack frames</pre></div><a href='#' onClick='toggleBox("stack-trace1547018299", this, "Click to show all stack frames", "Click to hide stack frames")'>Click to show all stack frames</a>
<div class='stack-trace' id='stack-trace1547018299'><pre>java.lang.AssertionError: Expected failure with invalid member ID: 99999 did not expect [200] but found [200]
	at org.testng.Assert.fail(Assert.java:110)
	at org.testng.Assert.failEquals(Assert.java:1417)
	at org.testng.Assert.assertNotEqualsImpl(Assert.java:156)
	at org.testng.Assert.assertNotEquals(Assert.java:2033)
	at testcases.projects.DeleteProjectMemberTestCases.verifyDeleteProjectMemberWithInvalidMemberId(DeleteProjectMemberTestCases.java:70)
	at java.base/jdk.internal.reflect.NativeMethodAccessorImpl.invoke0(Native Method)
	at java.base/jdk.internal.reflect.NativeMethodAccessorImpl.invoke(NativeMethodAccessorImpl.java:77)
	at java.base/jdk.internal.reflect.DelegatingMethodAccessorImpl.invoke(DelegatingMethodAccessorImpl.java:43)
	at java.base/java.lang.reflect.Method.invoke(Method.java:568)
	at org.testng.internal.invokers.MethodInvocationHelper.invokeMethod(MethodInvocationHelper.java:139)
	at org.testng.internal.invokers.TestInvoker.invokeMethod(TestInvoker.java:677)
	at org.testng.internal.invokers.TestInvoker.invokeTestMethod(TestInvoker.java:221)
	at org.testng.internal.invokers.MethodRunner.runInSequence(MethodRunner.java:50)
	at org.testng.internal.invokers.TestInvoker$MethodInvocationAgent.invoke(TestInvoker.java:962)
	at org.testng.internal.invokers.TestInvoker.invokeTestMethods(TestInvoker.java:194)
	at org.testng.internal.invokers.TestMethodWorker.invokeTestMethods(TestMethodWorker.java:148)
	at org.testng.internal.invokers.TestMethodWorker.run(TestMethodWorker.java:128)
	at java.base/java.util.ArrayList.forEach(ArrayList.java:1511)
	at org.testng.TestRunner.privateRun(TestRunner.java:806)
	at org.testng.TestRunner.run(TestRunner.java:601)
	at org.testng.SuiteRunner.runTest(SuiteRunner.java:433)
	at org.testng.SuiteRunner.runSequentially(SuiteRunner.java:427)
	at org.testng.SuiteRunner.privateRun(SuiteRunner.java:387)
	at org.testng.SuiteRunner.run(SuiteRunner.java:330)
	at org.testng.SuiteRunnerWorker.runSuite(SuiteRunnerWorker.java:52)
	at org.testng.SuiteRunnerWorker.run(SuiteRunnerWorker.java:95)
	at org.testng.TestNG.runSuitesSequentially(TestNG.java:1256)
	at org.testng.TestNG.runSuitesLocally(TestNG.java:1176)
	at org.testng.TestNG.runSuites(TestNG.java:1099)
	at org.testng.TestNG.run(TestNG.java:1067)
	at org.testng.remote.AbstractRemoteTestNG.run(AbstractRemoteTestNG.java:115)
	at org.testng.remote.RemoteTestNG.initAndRun(RemoteTestNG.java:251)
	at org.testng.remote.RemoteTestNG.main(RemoteTestNG.java:77)
</pre></div></td>
<td>0</td>
<td>testcases.projects.DeleteProjectMemberTestCases@7a35b0f5</td></tr>
<tr>
<td title='testcases.projects.UpdateProjectBudgetTestCases.verifyUpdateProjectBudgetWithNegativeAndStringValues()'><b>verifyUpdateProjectBudgetWithNegativeAndStringValues</b><br>Test class: testcases.projects.UpdateProjectBudgetTestCases</td>
<td><div><pre>java.lang.AssertionError: Project should not be updated with negative values did not expect [200] but found [200]
	at testcases.projects.UpdateProjectBudgetTestCases.verifyUpdateProjectBudgetWithNegativeAndStringValues(UpdateProjectBudgetTestCases.java:203)
	at java.base/java.util.ArrayList.forEach(ArrayList.java:1511)
... Removed 31 stack frames</pre></div><a href='#' onClick='toggleBox("stack-trace356951433", this, "Click to show all stack frames", "Click to hide stack frames")'>Click to show all stack frames</a>
<div class='stack-trace' id='stack-trace356951433'><pre>java.lang.AssertionError: Project should not be updated with negative values did not expect [200] but found [200]
	at org.testng.Assert.fail(Assert.java:110)
	at org.testng.Assert.failEquals(Assert.java:1417)
	at org.testng.Assert.assertNotEqualsImpl(Assert.java:156)
	at org.testng.Assert.assertNotEquals(Assert.java:2033)
	at testcases.projects.UpdateProjectBudgetTestCases.verifyUpdateProjectBudgetWithNegativeAndStringValues(UpdateProjectBudgetTestCases.java:203)
	at java.base/jdk.internal.reflect.NativeMethodAccessorImpl.invoke0(Native Method)
	at java.base/jdk.internal.reflect.NativeMethodAccessorImpl.invoke(NativeMethodAccessorImpl.java:77)
	at java.base/jdk.internal.reflect.DelegatingMethodAccessorImpl.invoke(DelegatingMethodAccessorImpl.java:43)
	at java.base/java.lang.reflect.Method.invoke(Method.java:568)
	at org.testng.internal.invokers.MethodInvocationHelper.invokeMethod(MethodInvocationHelper.java:139)
	at org.testng.internal.invokers.TestInvoker.invokeMethod(TestInvoker.java:677)
	at org.testng.internal.invokers.TestInvoker.invokeTestMethod(TestInvoker.java:221)
	at org.testng.internal.invokers.MethodRunner.runInSequence(MethodRunner.java:50)
	at org.testng.internal.invokers.TestInvoker$MethodInvocationAgent.invoke(TestInvoker.java:962)
	at org.testng.internal.invokers.TestInvoker.invokeTestMethods(TestInvoker.java:194)
	at org.testng.internal.invokers.TestMethodWorker.invokeTestMethods(TestMethodWorker.java:148)
	at org.testng.internal.invokers.TestMethodWorker.run(TestMethodWorker.java:128)
	at java.base/java.util.ArrayList.forEach(ArrayList.java:1511)
	at org.testng.TestRunner.privateRun(TestRunner.java:806)
	at org.testng.TestRunner.run(TestRunner.java:601)
	at org.testng.SuiteRunner.runTest(SuiteRunner.java:433)
	at org.testng.SuiteRunner.runSequentially(SuiteRunner.java:427)
	at org.testng.SuiteRunner.privateRun(SuiteRunner.java:387)
	at org.testng.SuiteRunner.run(SuiteRunner.java:330)
	at org.testng.SuiteRunnerWorker.runSuite(SuiteRunnerWorker.java:52)
	at org.testng.SuiteRunnerWorker.run(SuiteRunnerWorker.java:95)
	at org.testng.TestNG.runSuitesSequentially(TestNG.java:1256)
	at org.testng.TestNG.runSuitesLocally(TestNG.java:1176)
	at org.testng.TestNG.runSuites(TestNG.java:1099)
	at org.testng.TestNG.run(TestNG.java:1067)
	at org.testng.remote.AbstractRemoteTestNG.run(AbstractRemoteTestNG.java:115)
	at org.testng.remote.RemoteTestNG.initAndRun(RemoteTestNG.java:251)
	at org.testng.remote.RemoteTestNG.main(RemoteTestNG.java:77)
</pre></div></td>
<td>0</td>
<td>testcases.projects.UpdateProjectBudgetTestCases@606e4010</td></tr>
<tr>
<td title='testcases.projects.UpdateProjectClientTestCases.verifyUpdateProjectClientWithInvalidProjectId()'><b>verifyUpdateProjectClientWithInvalidProjectId</b><br>Test class: testcases.projects.UpdateProjectClientTestCases</td>
<td><div><pre>java.lang.AssertionError: Expected failure with invalid project ID: 12345 did not expect [200] but found [200]
	at testcases.projects.UpdateProjectClientTestCases.verifyUpdateProjectClientWithInvalidProjectId(UpdateProjectClientTestCases.java:68)
	at java.base/java.util.ArrayList.forEach(ArrayList.java:1511)
... Removed 31 stack frames</pre></div><a href='#' onClick='toggleBox("stack-trace1967505429", this, "Click to show all stack frames", "Click to hide stack frames")'>Click to show all stack frames</a>
<div class='stack-trace' id='stack-trace1967505429'><pre>java.lang.AssertionError: Expected failure with invalid project ID: 12345 did not expect [200] but found [200]
	at org.testng.Assert.fail(Assert.java:110)
	at org.testng.Assert.failEquals(Assert.java:1417)
	at org.testng.Assert.assertNotEqualsImpl(Assert.java:156)
	at org.testng.Assert.assertNotEquals(Assert.java:2033)
	at testcases.projects.UpdateProjectClientTestCases.verifyUpdateProjectClientWithInvalidProjectId(UpdateProjectClientTestCases.java:68)
	at java.base/jdk.internal.reflect.NativeMethodAccessorImpl.invoke0(Native Method)
	at java.base/jdk.internal.reflect.NativeMethodAccessorImpl.invoke(NativeMethodAccessorImpl.java:77)
	at java.base/jdk.internal.reflect.DelegatingMethodAccessorImpl.invoke(DelegatingMethodAccessorImpl.java:43)
	at java.base/java.lang.reflect.Method.invoke(Method.java:568)
	at org.testng.internal.invokers.MethodInvocationHelper.invokeMethod(MethodInvocationHelper.java:139)
	at org.testng.internal.invokers.TestInvoker.invokeMethod(TestInvoker.java:677)
	at org.testng.internal.invokers.TestInvoker.invokeTestMethod(TestInvoker.java:221)
	at org.testng.internal.invokers.MethodRunner.runInSequence(MethodRunner.java:50)
	at org.testng.internal.invokers.TestInvoker$MethodInvocationAgent.invoke(TestInvoker.java:962)
	at org.testng.internal.invokers.TestInvoker.invokeTestMethods(TestInvoker.java:194)
	at org.testng.internal.invokers.TestMethodWorker.invokeTestMethods(TestMethodWorker.java:148)
	at org.testng.internal.invokers.TestMethodWorker.run(TestMethodWorker.java:128)
	at java.base/java.util.ArrayList.forEach(ArrayList.java:1511)
	at org.testng.TestRunner.privateRun(TestRunner.java:806)
	at org.testng.TestRunner.run(TestRunner.java:601)
	at org.testng.SuiteRunner.runTest(SuiteRunner.java:433)
	at org.testng.SuiteRunner.runSequentially(SuiteRunner.java:427)
	at org.testng.SuiteRunner.privateRun(SuiteRunner.java:387)
	at org.testng.SuiteRunner.run(SuiteRunner.java:330)
	at org.testng.SuiteRunnerWorker.runSuite(SuiteRunnerWorker.java:52)
	at org.testng.SuiteRunnerWorker.run(SuiteRunnerWorker.java:95)
	at org.testng.TestNG.runSuitesSequentially(TestNG.java:1256)
	at org.testng.TestNG.runSuitesLocally(TestNG.java:1176)
	at org.testng.TestNG.runSuites(TestNG.java:1099)
	at org.testng.TestNG.run(TestNG.java:1067)
	at org.testng.remote.AbstractRemoteTestNG.run(AbstractRemoteTestNG.java:115)
	at org.testng.remote.RemoteTestNG.initAndRun(RemoteTestNG.java:251)
	at org.testng.remote.RemoteTestNG.main(RemoteTestNG.java:77)
</pre></div></td>
<td>0</td>
<td>testcases.projects.UpdateProjectClientTestCases@6caf0677</td></tr>
<tr>
<td title='testcases.projects.GetProjectPriorityTestCases.verifyGetProjectPrioritiesWithoutAccessToken()'><b>verifyGetProjectPrioritiesWithoutAccessToken</b><br>Test class: testcases.projects.GetProjectPriorityTestCases</td>
<td><div><pre>java.lang.AssertionError: Expected failure without access token did not expect [200] but found [200]
	at testcases.projects.GetProjectPriorityTestCases.verifyGetProjectPrioritiesWithoutAccessToken(GetProjectPriorityTestCases.java:103)
	at java.base/java.util.ArrayList.forEach(ArrayList.java:1511)
... Removed 31 stack frames</pre></div><a href='#' onClick='toggleBox("stack-trace1268797364", this, "Click to show all stack frames", "Click to hide stack frames")'>Click to show all stack frames</a>
<div class='stack-trace' id='stack-trace1268797364'><pre>java.lang.AssertionError: Expected failure without access token did not expect [200] but found [200]
	at org.testng.Assert.fail(Assert.java:110)
	at org.testng.Assert.failEquals(Assert.java:1417)
	at org.testng.Assert.assertNotEqualsImpl(Assert.java:156)
	at org.testng.Assert.assertNotEquals(Assert.java:2033)
	at testcases.projects.GetProjectPriorityTestCases.verifyGetProjectPrioritiesWithoutAccessToken(GetProjectPriorityTestCases.java:103)
	at java.base/jdk.internal.reflect.NativeMethodAccessorImpl.invoke0(Native Method)
	at java.base/jdk.internal.reflect.NativeMethodAccessorImpl.invoke(NativeMethodAccessorImpl.java:77)
	at java.base/jdk.internal.reflect.DelegatingMethodAccessorImpl.invoke(DelegatingMethodAccessorImpl.java:43)
	at java.base/java.lang.reflect.Method.invoke(Method.java:568)
	at org.testng.internal.invokers.MethodInvocationHelper.invokeMethod(MethodInvocationHelper.java:139)
	at org.testng.internal.invokers.TestInvoker.invokeMethod(TestInvoker.java:677)
	at org.testng.internal.invokers.TestInvoker.invokeTestMethod(TestInvoker.java:221)
	at org.testng.internal.invokers.MethodRunner.runInSequence(MethodRunner.java:50)
	at org.testng.internal.invokers.TestInvoker$MethodInvocationAgent.invoke(TestInvoker.java:962)
	at org.testng.internal.invokers.TestInvoker.invokeTestMethods(TestInvoker.java:194)
	at org.testng.internal.invokers.TestMethodWorker.invokeTestMethods(TestMethodWorker.java:148)
	at org.testng.internal.invokers.TestMethodWorker.run(TestMethodWorker.java:128)
	at java.base/java.util.ArrayList.forEach(ArrayList.java:1511)
	at org.testng.TestRunner.privateRun(TestRunner.java:806)
	at org.testng.TestRunner.run(TestRunner.java:601)
	at org.testng.SuiteRunner.runTest(SuiteRunner.java:433)
	at org.testng.SuiteRunner.runSequentially(SuiteRunner.java:427)
	at org.testng.SuiteRunner.privateRun(SuiteRunner.java:387)
	at org.testng.SuiteRunner.run(SuiteRunner.java:330)
	at org.testng.SuiteRunnerWorker.runSuite(SuiteRunnerWorker.java:52)
	at org.testng.SuiteRunnerWorker.run(SuiteRunnerWorker.java:95)
	at org.testng.TestNG.runSuitesSequentially(TestNG.java:1256)
	at org.testng.TestNG.runSuitesLocally(TestNG.java:1176)
	at org.testng.TestNG.runSuites(TestNG.java:1099)
	at org.testng.TestNG.run(TestNG.java:1067)
	at org.testng.remote.AbstractRemoteTestNG.run(AbstractRemoteTestNG.java:115)
	at org.testng.remote.RemoteTestNG.initAndRun(RemoteTestNG.java:251)
	at org.testng.remote.RemoteTestNG.main(RemoteTestNG.java:77)
</pre></div></td>
<td>0</td>
<td>testcases.projects.GetProjectPriorityTestCases@72cc7e6f</td></tr>
<tr>
<td title='testcases.projects.UpdateProjectClientTestCases.verifyUpdateProjectClientWithNegativeProjectId()'><b>verifyUpdateProjectClientWithNegativeProjectId</b><br>Test class: testcases.projects.UpdateProjectClientTestCases</td>
<td><div><pre>java.lang.AssertionError: Expected failure with invalid project ID: -20 did not expect [200] but found [200]
	at testcases.projects.UpdateProjectClientTestCases.verifyUpdateProjectClientWithNegativeProjectId(UpdateProjectClientTestCases.java:90)
	at java.base/java.util.ArrayList.forEach(ArrayList.java:1511)
... Removed 31 stack frames</pre></div><a href='#' onClick='toggleBox("stack-trace1824861873", this, "Click to show all stack frames", "Click to hide stack frames")'>Click to show all stack frames</a>
<div class='stack-trace' id='stack-trace1824861873'><pre>java.lang.AssertionError: Expected failure with invalid project ID: -20 did not expect [200] but found [200]
	at org.testng.Assert.fail(Assert.java:110)
	at org.testng.Assert.failEquals(Assert.java:1417)
	at org.testng.Assert.assertNotEqualsImpl(Assert.java:156)
	at org.testng.Assert.assertNotEquals(Assert.java:2033)
	at testcases.projects.UpdateProjectClientTestCases.verifyUpdateProjectClientWithNegativeProjectId(UpdateProjectClientTestCases.java:90)
	at java.base/jdk.internal.reflect.NativeMethodAccessorImpl.invoke0(Native Method)
	at java.base/jdk.internal.reflect.NativeMethodAccessorImpl.invoke(NativeMethodAccessorImpl.java:77)
	at java.base/jdk.internal.reflect.DelegatingMethodAccessorImpl.invoke(DelegatingMethodAccessorImpl.java:43)
	at java.base/java.lang.reflect.Method.invoke(Method.java:568)
	at org.testng.internal.invokers.MethodInvocationHelper.invokeMethod(MethodInvocationHelper.java:139)
	at org.testng.internal.invokers.TestInvoker.invokeMethod(TestInvoker.java:677)
	at org.testng.internal.invokers.TestInvoker.invokeTestMethod(TestInvoker.java:221)
	at org.testng.internal.invokers.MethodRunner.runInSequence(MethodRunner.java:50)
	at org.testng.internal.invokers.TestInvoker$MethodInvocationAgent.invoke(TestInvoker.java:962)
	at org.testng.internal.invokers.TestInvoker.invokeTestMethods(TestInvoker.java:194)
	at org.testng.internal.invokers.TestMethodWorker.invokeTestMethods(TestMethodWorker.java:148)
	at org.testng.internal.invokers.TestMethodWorker.run(TestMethodWorker.java:128)
	at java.base/java.util.ArrayList.forEach(ArrayList.java:1511)
	at org.testng.TestRunner.privateRun(TestRunner.java:806)
	at org.testng.TestRunner.run(TestRunner.java:601)
	at org.testng.SuiteRunner.runTest(SuiteRunner.java:433)
	at org.testng.SuiteRunner.runSequentially(SuiteRunner.java:427)
	at org.testng.SuiteRunner.privateRun(SuiteRunner.java:387)
	at org.testng.SuiteRunner.run(SuiteRunner.java:330)
	at org.testng.SuiteRunnerWorker.runSuite(SuiteRunnerWorker.java:52)
	at org.testng.SuiteRunnerWorker.run(SuiteRunnerWorker.java:95)
	at org.testng.TestNG.runSuitesSequentially(TestNG.java:1256)
	at org.testng.TestNG.runSuitesLocally(TestNG.java:1176)
	at org.testng.TestNG.runSuites(TestNG.java:1099)
	at org.testng.TestNG.run(TestNG.java:1067)
	at org.testng.remote.AbstractRemoteTestNG.run(AbstractRemoteTestNG.java:115)
	at org.testng.remote.RemoteTestNG.initAndRun(RemoteTestNG.java:251)
	at org.testng.remote.RemoteTestNG.main(RemoteTestNG.java:77)
</pre></div></td>
<td>0</td>
<td>testcases.projects.UpdateProjectClientTestCases@6caf0677</td></tr>
<tr>
<td title='testcases.projects.UpdateProjectBudgetTestCases.verifyUpdateProjectBudgetWithInvalidCurrencyCode()'><b>verifyUpdateProjectBudgetWithInvalidCurrencyCode</b><br>Test class: testcases.projects.UpdateProjectBudgetTestCases</td>
<td><div><pre>java.lang.AssertionError: Project should not be updated with positive number as currency code did not expect [200] but found [200]
	at testcases.projects.UpdateProjectBudgetTestCases.verifyUpdateProjectBudgetWithInvalidCurrencyCode(UpdateProjectBudgetTestCases.java:259)
	at java.base/java.util.ArrayList.forEach(ArrayList.java:1511)
... Removed 31 stack frames</pre></div><a href='#' onClick='toggleBox("stack-trace394651248", this, "Click to show all stack frames", "Click to hide stack frames")'>Click to show all stack frames</a>
<div class='stack-trace' id='stack-trace394651248'><pre>java.lang.AssertionError: Project should not be updated with positive number as currency code did not expect [200] but found [200]
	at org.testng.Assert.fail(Assert.java:110)
	at org.testng.Assert.failEquals(Assert.java:1417)
	at org.testng.Assert.assertNotEqualsImpl(Assert.java:156)
	at org.testng.Assert.assertNotEquals(Assert.java:2033)
	at testcases.projects.UpdateProjectBudgetTestCases.verifyUpdateProjectBudgetWithInvalidCurrencyCode(UpdateProjectBudgetTestCases.java:259)
	at java.base/jdk.internal.reflect.NativeMethodAccessorImpl.invoke0(Native Method)
	at java.base/jdk.internal.reflect.NativeMethodAccessorImpl.invoke(NativeMethodAccessorImpl.java:77)
	at java.base/jdk.internal.reflect.DelegatingMethodAccessorImpl.invoke(DelegatingMethodAccessorImpl.java:43)
	at java.base/java.lang.reflect.Method.invoke(Method.java:568)
	at org.testng.internal.invokers.MethodInvocationHelper.invokeMethod(MethodInvocationHelper.java:139)
	at org.testng.internal.invokers.TestInvoker.invokeMethod(TestInvoker.java:677)
	at org.testng.internal.invokers.TestInvoker.invokeTestMethod(TestInvoker.java:221)
	at org.testng.internal.invokers.MethodRunner.runInSequence(MethodRunner.java:50)
	at org.testng.internal.invokers.TestInvoker$MethodInvocationAgent.invoke(TestInvoker.java:962)
	at org.testng.internal.invokers.TestInvoker.invokeTestMethods(TestInvoker.java:194)
	at org.testng.internal.invokers.TestMethodWorker.invokeTestMethods(TestMethodWorker.java:148)
	at org.testng.internal.invokers.TestMethodWorker.run(TestMethodWorker.java:128)
	at java.base/java.util.ArrayList.forEach(ArrayList.java:1511)
	at org.testng.TestRunner.privateRun(TestRunner.java:806)
	at org.testng.TestRunner.run(TestRunner.java:601)
	at org.testng.SuiteRunner.runTest(SuiteRunner.java:433)
	at org.testng.SuiteRunner.runSequentially(SuiteRunner.java:427)
	at org.testng.SuiteRunner.privateRun(SuiteRunner.java:387)
	at org.testng.SuiteRunner.run(SuiteRunner.java:330)
	at org.testng.SuiteRunnerWorker.runSuite(SuiteRunnerWorker.java:52)
	at org.testng.SuiteRunnerWorker.run(SuiteRunnerWorker.java:95)
	at org.testng.TestNG.runSuitesSequentially(TestNG.java:1256)
	at org.testng.TestNG.runSuitesLocally(TestNG.java:1176)
	at org.testng.TestNG.runSuites(TestNG.java:1099)
	at org.testng.TestNG.run(TestNG.java:1067)
	at org.testng.remote.AbstractRemoteTestNG.run(AbstractRemoteTestNG.java:115)
	at org.testng.remote.RemoteTestNG.initAndRun(RemoteTestNG.java:251)
	at org.testng.remote.RemoteTestNG.main(RemoteTestNG.java:77)
</pre></div></td>
<td>0</td>
<td>testcases.projects.UpdateProjectBudgetTestCases@606e4010</td></tr>
<tr>
<td title='testcases.projects.GetProjectClientTestCases.verifyGetProjectClientWithInvalidProjectId()'><b>verifyGetProjectClientWithInvalidProjectId</b><br>Test class: testcases.projects.GetProjectClientTestCases</td>
<td><div><pre>java.lang.AssertionError: Expected failure with invalid project ID: 12345 did not expect [200] but found [200]
	at testcases.projects.GetProjectClientTestCases.verifyGetProjectClientWithInvalidProjectId(GetProjectClientTestCases.java:63)
	at java.base/java.util.ArrayList.forEach(ArrayList.java:1511)
... Removed 31 stack frames</pre></div><a href='#' onClick='toggleBox("stack-trace1213932012", this, "Click to show all stack frames", "Click to hide stack frames")'>Click to show all stack frames</a>
<div class='stack-trace' id='stack-trace1213932012'><pre>java.lang.AssertionError: Expected failure with invalid project ID: 12345 did not expect [200] but found [200]
	at org.testng.Assert.fail(Assert.java:110)
	at org.testng.Assert.failEquals(Assert.java:1417)
	at org.testng.Assert.assertNotEqualsImpl(Assert.java:156)
	at org.testng.Assert.assertNotEquals(Assert.java:2033)
	at testcases.projects.GetProjectClientTestCases.verifyGetProjectClientWithInvalidProjectId(GetProjectClientTestCases.java:63)
	at java.base/jdk.internal.reflect.NativeMethodAccessorImpl.invoke0(Native Method)
	at java.base/jdk.internal.reflect.NativeMethodAccessorImpl.invoke(NativeMethodAccessorImpl.java:77)
	at java.base/jdk.internal.reflect.DelegatingMethodAccessorImpl.invoke(DelegatingMethodAccessorImpl.java:43)
	at java.base/java.lang.reflect.Method.invoke(Method.java:568)
	at org.testng.internal.invokers.MethodInvocationHelper.invokeMethod(MethodInvocationHelper.java:139)
	at org.testng.internal.invokers.TestInvoker.invokeMethod(TestInvoker.java:677)
	at org.testng.internal.invokers.TestInvoker.invokeTestMethod(TestInvoker.java:221)
	at org.testng.internal.invokers.MethodRunner.runInSequence(MethodRunner.java:50)
	at org.testng.internal.invokers.TestInvoker$MethodInvocationAgent.invoke(TestInvoker.java:962)
	at org.testng.internal.invokers.TestInvoker.invokeTestMethods(TestInvoker.java:194)
	at org.testng.internal.invokers.TestMethodWorker.invokeTestMethods(TestMethodWorker.java:148)
	at org.testng.internal.invokers.TestMethodWorker.run(TestMethodWorker.java:128)
	at java.base/java.util.ArrayList.forEach(ArrayList.java:1511)
	at org.testng.TestRunner.privateRun(TestRunner.java:806)
	at org.testng.TestRunner.run(TestRunner.java:601)
	at org.testng.SuiteRunner.runTest(SuiteRunner.java:433)
	at org.testng.SuiteRunner.runSequentially(SuiteRunner.java:427)
	at org.testng.SuiteRunner.privateRun(SuiteRunner.java:387)
	at org.testng.SuiteRunner.run(SuiteRunner.java:330)
	at org.testng.SuiteRunnerWorker.runSuite(SuiteRunnerWorker.java:52)
	at org.testng.SuiteRunnerWorker.run(SuiteRunnerWorker.java:95)
	at org.testng.TestNG.runSuitesSequentially(TestNG.java:1256)
	at org.testng.TestNG.runSuitesLocally(TestNG.java:1176)
	at org.testng.TestNG.runSuites(TestNG.java:1099)
	at org.testng.TestNG.run(TestNG.java:1067)
	at org.testng.remote.AbstractRemoteTestNG.run(AbstractRemoteTestNG.java:115)
	at org.testng.remote.RemoteTestNG.initAndRun(RemoteTestNG.java:251)
	at org.testng.remote.RemoteTestNG.main(RemoteTestNG.java:77)
</pre></div></td>
<td>0</td>
<td>testcases.projects.GetProjectClientTestCases@645aa696</td></tr>
<tr>
<td title='testcases.projectboards.GetProjectBoardTestCases.verifyGetProjectBoard()'><b>verifyGetProjectBoard</b><br>Test class: testcases.projectboards.GetProjectBoardTestCases</td>
<td><div><pre>java.lang.AssertionError: Failed to retrieve project board expected [200] but found [404]
	at testcases.projectboards.GetProjectBoardTestCases.verifyGetProjectBoard(GetProjectBoardTestCases.java:40)
	at java.base/java.util.ArrayList.forEach(ArrayList.java:1511)
... Removed 32 stack frames</pre></div><a href='#' onClick='toggleBox("stack-trace1881803645", this, "Click to show all stack frames", "Click to hide stack frames")'>Click to show all stack frames</a>
<div class='stack-trace' id='stack-trace1881803645'><pre>java.lang.AssertionError: Failed to retrieve project board expected [200] but found [404]
	at org.testng.Assert.fail(Assert.java:110)
	at org.testng.Assert.failNotEquals(Assert.java:1413)
	at org.testng.Assert.assertEqualsImpl(Assert.java:149)
	at org.testng.Assert.assertEquals(Assert.java:131)
	at org.testng.Assert.assertEquals(Assert.java:1240)
	at testcases.projectboards.GetProjectBoardTestCases.verifyGetProjectBoard(GetProjectBoardTestCases.java:40)
	at java.base/jdk.internal.reflect.NativeMethodAccessorImpl.invoke0(Native Method)
	at java.base/jdk.internal.reflect.NativeMethodAccessorImpl.invoke(NativeMethodAccessorImpl.java:77)
	at java.base/jdk.internal.reflect.DelegatingMethodAccessorImpl.invoke(DelegatingMethodAccessorImpl.java:43)
	at java.base/java.lang.reflect.Method.invoke(Method.java:568)
	at org.testng.internal.invokers.MethodInvocationHelper.invokeMethod(MethodInvocationHelper.java:139)
	at org.testng.internal.invokers.TestInvoker.invokeMethod(TestInvoker.java:677)
	at org.testng.internal.invokers.TestInvoker.invokeTestMethod(TestInvoker.java:221)
	at org.testng.internal.invokers.MethodRunner.runInSequence(MethodRunner.java:50)
	at org.testng.internal.invokers.TestInvoker$MethodInvocationAgent.invoke(TestInvoker.java:962)
	at org.testng.internal.invokers.TestInvoker.invokeTestMethods(TestInvoker.java:194)
	at org.testng.internal.invokers.TestMethodWorker.invokeTestMethods(TestMethodWorker.java:148)
	at org.testng.internal.invokers.TestMethodWorker.run(TestMethodWorker.java:128)
	at java.base/java.util.ArrayList.forEach(ArrayList.java:1511)
	at org.testng.TestRunner.privateRun(TestRunner.java:806)
	at org.testng.TestRunner.run(TestRunner.java:601)
	at org.testng.SuiteRunner.runTest(SuiteRunner.java:433)
	at org.testng.SuiteRunner.runSequentially(SuiteRunner.java:427)
	at org.testng.SuiteRunner.privateRun(SuiteRunner.java:387)
	at org.testng.SuiteRunner.run(SuiteRunner.java:330)
	at org.testng.SuiteRunnerWorker.runSuite(SuiteRunnerWorker.java:52)
	at org.testng.SuiteRunnerWorker.run(SuiteRunnerWorker.java:95)
	at org.testng.TestNG.runSuitesSequentially(TestNG.java:1256)
	at org.testng.TestNG.runSuitesLocally(TestNG.java:1176)
	at org.testng.TestNG.runSuites(TestNG.java:1099)
	at org.testng.TestNG.run(TestNG.java:1067)
	at org.testng.remote.AbstractRemoteTestNG.run(AbstractRemoteTestNG.java:115)
	at org.testng.remote.RemoteTestNG.initAndRun(RemoteTestNG.java:251)
	at org.testng.remote.RemoteTestNG.main(RemoteTestNG.java:77)
</pre></div></td>
<td>0</td>
<td>testcases.projectboards.GetProjectBoardTestCases@16eb3ea3</td></tr>
<tr>
<td title='testcases.projects.MultiUpdateProjectMembersTestCases.verifyMultiUpdateProjectMembersWithInvalidProjectId()'><b>verifyMultiUpdateProjectMembersWithInvalidProjectId</b><br>Test class: testcases.projects.MultiUpdateProjectMembersTestCases</td>
<td><div><pre>java.lang.AssertionError: Expected failure with invalid project ID: -20 did not expect [200] but found [200]
	at testcases.projects.MultiUpdateProjectMembersTestCases.verifyMultiUpdateProjectMembersWithInvalidProjectId(MultiUpdateProjectMembersTestCases.java:69)
	at java.base/java.util.ArrayList.forEach(ArrayList.java:1511)
... Removed 31 stack frames</pre></div><a href='#' onClick='toggleBox("stack-trace290068694", this, "Click to show all stack frames", "Click to hide stack frames")'>Click to show all stack frames</a>
<div class='stack-trace' id='stack-trace290068694'><pre>java.lang.AssertionError: Expected failure with invalid project ID: -20 did not expect [200] but found [200]
	at org.testng.Assert.fail(Assert.java:110)
	at org.testng.Assert.failEquals(Assert.java:1417)
	at org.testng.Assert.assertNotEqualsImpl(Assert.java:156)
	at org.testng.Assert.assertNotEquals(Assert.java:2033)
	at testcases.projects.MultiUpdateProjectMembersTestCases.verifyMultiUpdateProjectMembersWithInvalidProjectId(MultiUpdateProjectMembersTestCases.java:69)
	at java.base/jdk.internal.reflect.NativeMethodAccessorImpl.invoke0(Native Method)
	at java.base/jdk.internal.reflect.NativeMethodAccessorImpl.invoke(NativeMethodAccessorImpl.java:77)
	at java.base/jdk.internal.reflect.DelegatingMethodAccessorImpl.invoke(DelegatingMethodAccessorImpl.java:43)
	at java.base/java.lang.reflect.Method.invoke(Method.java:568)
	at org.testng.internal.invokers.MethodInvocationHelper.invokeMethod(MethodInvocationHelper.java:139)
	at org.testng.internal.invokers.TestInvoker.invokeMethod(TestInvoker.java:677)
	at org.testng.internal.invokers.TestInvoker.invokeTestMethod(TestInvoker.java:221)
	at org.testng.internal.invokers.MethodRunner.runInSequence(MethodRunner.java:50)
	at org.testng.internal.invokers.TestInvoker$MethodInvocationAgent.invoke(TestInvoker.java:962)
	at org.testng.internal.invokers.TestInvoker.invokeTestMethods(TestInvoker.java:194)
	at org.testng.internal.invokers.TestMethodWorker.invokeTestMethods(TestMethodWorker.java:148)
	at org.testng.internal.invokers.TestMethodWorker.run(TestMethodWorker.java:128)
	at java.base/java.util.ArrayList.forEach(ArrayList.java:1511)
	at org.testng.TestRunner.privateRun(TestRunner.java:806)
	at org.testng.TestRunner.run(TestRunner.java:601)
	at org.testng.SuiteRunner.runTest(SuiteRunner.java:433)
	at org.testng.SuiteRunner.runSequentially(SuiteRunner.java:427)
	at org.testng.SuiteRunner.privateRun(SuiteRunner.java:387)
	at org.testng.SuiteRunner.run(SuiteRunner.java:330)
	at org.testng.SuiteRunnerWorker.runSuite(SuiteRunnerWorker.java:52)
	at org.testng.SuiteRunnerWorker.run(SuiteRunnerWorker.java:95)
	at org.testng.TestNG.runSuitesSequentially(TestNG.java:1256)
	at org.testng.TestNG.runSuitesLocally(TestNG.java:1176)
	at org.testng.TestNG.runSuites(TestNG.java:1099)
	at org.testng.TestNG.run(TestNG.java:1067)
	at org.testng.remote.AbstractRemoteTestNG.run(AbstractRemoteTestNG.java:115)
	at org.testng.remote.RemoteTestNG.initAndRun(RemoteTestNG.java:251)
	at org.testng.remote.RemoteTestNG.main(RemoteTestNG.java:77)
</pre></div></td>
<td>0</td>
<td>testcases.projects.MultiUpdateProjectMembersTestCases@2cb4893b</td></tr>
<tr>
<td title='testcases.projects.DeleteProjectMemberTestCases.verifyDeleteProjectMemberWithInvalidProjectId()'><b>verifyDeleteProjectMemberWithInvalidProjectId</b><br>Test class: testcases.projects.DeleteProjectMemberTestCases</td>
<td><div><pre>java.lang.AssertionError: Expected failure with invalid project ID: 12345 did not expect [200] but found [200]
	at testcases.projects.DeleteProjectMemberTestCases.verifyDeleteProjectMemberWithInvalidProjectId(DeleteProjectMemberTestCases.java:51)
	at java.base/java.util.ArrayList.forEach(ArrayList.java:1511)
... Removed 31 stack frames</pre></div><a href='#' onClick='toggleBox("stack-trace1897752288", this, "Click to show all stack frames", "Click to hide stack frames")'>Click to show all stack frames</a>
<div class='stack-trace' id='stack-trace1897752288'><pre>java.lang.AssertionError: Expected failure with invalid project ID: 12345 did not expect [200] but found [200]
	at org.testng.Assert.fail(Assert.java:110)
	at org.testng.Assert.failEquals(Assert.java:1417)
	at org.testng.Assert.assertNotEqualsImpl(Assert.java:156)
	at org.testng.Assert.assertNotEquals(Assert.java:2033)
	at testcases.projects.DeleteProjectMemberTestCases.verifyDeleteProjectMemberWithInvalidProjectId(DeleteProjectMemberTestCases.java:51)
	at java.base/jdk.internal.reflect.NativeMethodAccessorImpl.invoke0(Native Method)
	at java.base/jdk.internal.reflect.NativeMethodAccessorImpl.invoke(NativeMethodAccessorImpl.java:77)
	at java.base/jdk.internal.reflect.DelegatingMethodAccessorImpl.invoke(DelegatingMethodAccessorImpl.java:43)
	at java.base/java.lang.reflect.Method.invoke(Method.java:568)
	at org.testng.internal.invokers.MethodInvocationHelper.invokeMethod(MethodInvocationHelper.java:139)
	at org.testng.internal.invokers.TestInvoker.invokeMethod(TestInvoker.java:677)
	at org.testng.internal.invokers.TestInvoker.invokeTestMethod(TestInvoker.java:221)
	at org.testng.internal.invokers.MethodRunner.runInSequence(MethodRunner.java:50)
	at org.testng.internal.invokers.TestInvoker$MethodInvocationAgent.invoke(TestInvoker.java:962)
	at org.testng.internal.invokers.TestInvoker.invokeTestMethods(TestInvoker.java:194)
	at org.testng.internal.invokers.TestMethodWorker.invokeTestMethods(TestMethodWorker.java:148)
	at org.testng.internal.invokers.TestMethodWorker.run(TestMethodWorker.java:128)
	at java.base/java.util.ArrayList.forEach(ArrayList.java:1511)
	at org.testng.TestRunner.privateRun(TestRunner.java:806)
	at org.testng.TestRunner.run(TestRunner.java:601)
	at org.testng.SuiteRunner.runTest(SuiteRunner.java:433)
	at org.testng.SuiteRunner.runSequentially(SuiteRunner.java:427)
	at org.testng.SuiteRunner.privateRun(SuiteRunner.java:387)
	at org.testng.SuiteRunner.run(SuiteRunner.java:330)
	at org.testng.SuiteRunnerWorker.runSuite(SuiteRunnerWorker.java:52)
	at org.testng.SuiteRunnerWorker.run(SuiteRunnerWorker.java:95)
	at org.testng.TestNG.runSuitesSequentially(TestNG.java:1256)
	at org.testng.TestNG.runSuitesLocally(TestNG.java:1176)
	at org.testng.TestNG.runSuites(TestNG.java:1099)
	at org.testng.TestNG.run(TestNG.java:1067)
	at org.testng.remote.AbstractRemoteTestNG.run(AbstractRemoteTestNG.java:115)
	at org.testng.remote.RemoteTestNG.initAndRun(RemoteTestNG.java:251)
	at org.testng.remote.RemoteTestNG.main(RemoteTestNG.java:77)
</pre></div></td>
<td>0</td>
<td>testcases.projects.DeleteProjectMemberTestCases@7a35b0f5</td></tr>
</table><p>
<table width='100%' border='1' class='invocation-passed'>
<tr><td colspan='4' align='center'><b>PASSED TESTS</b></td></tr>
<tr><td><b>Test method</b></td>
<td><b>Attribute(s)</b></td>
<td width="30%"><b>Exception</b></td>
<td width="10%"><b>Time (seconds)</b></td>
<td><b>Instance</b></td>
</tr>
<tr>
<td title='testcases.projects.GetProjectCardViewTestCases.verifyGetProjectCardViewWithInvalidToken()'><b>verifyGetProjectCardViewWithInvalidToken</b><br>Test class: testcases.projects.GetProjectCardViewTestCases</td>
<td></td>
<td>0</td>
<td>testcases.projects.GetProjectCardViewTestCases@5f049ea1</td></tr>
<tr>
<td title='testcases.projects.GetProjectBudgetTestCases.verifyGetProjectBudget()'><b>verifyGetProjectBudget</b><br>Test class: testcases.projects.GetProjectBudgetTestCases</td>
<td></td>
<td>0</td>
<td>testcases.projects.GetProjectBudgetTestCases@18271936</td></tr>
<tr>
<td title='testcases.projects.CreateProjectMemberTestCases.verifyCreateProjectMemberWithInvalidResourceId()'><b>verifyCreateProjectMemberWithInvalidResourceId</b><br>Test class: testcases.projects.CreateProjectMemberTestCases</td>
<td></td>
<td>1</td>
<td>testcases.projects.CreateProjectMemberTestCases@48075da3</td></tr>
<tr>
<td title='testcases.projects.GetAllProjectMemberTestCases.verifyGetAllProjectMembersWithInvalidResourceIds()'><b>verifyGetAllProjectMembersWithInvalidResourceIds</b><br>Test class: testcases.projects.GetAllProjectMemberTestCases</td>
<td></td>
<td>0</td>
<td>testcases.projects.GetAllProjectMemberTestCases@cc43f62</td></tr>
<tr>
<td title='testcases.projects.CreateProjectTestCases.verifyCreateProject()'><b>verifyCreateProject</b><br>Test class: testcases.projects.CreateProjectTestCases</td>
<td></td>
<td>0</td>
<td>testcases.projects.CreateProjectTestCases@3f191845</td></tr>
<tr>
<td title='testcases.projects.DeleteProjectMemberTestCases.verifyDeleteProjectMemberWithInvalidAccessToken()'><b>verifyDeleteProjectMemberWithInvalidAccessToken</b><br>Test class: testcases.projects.DeleteProjectMemberTestCases</td>
<td></td>
<td>0</td>
<td>testcases.projects.DeleteProjectMemberTestCases@7a35b0f5</td></tr>
<tr>
<td title='testcases.projects.DeleteProjectByIdTestCases.verifyDeleteProjectByIdWithInvalidAccessToken()'><b>verifyDeleteProjectByIdWithInvalidAccessToken</b><br>Test class: testcases.projects.DeleteProjectByIdTestCases</td>
<td></td>
<td>0</td>
<td>testcases.projects.DeleteProjectByIdTestCases@909217e</td></tr>
<tr>
<td title='testcases.projects.GetProjectClientTestCases.verifyGetProjectClientDetails()'><b>verifyGetProjectClientDetails</b><br>Test class: testcases.projects.GetProjectClientTestCases</td>
<td></td>
<td>0</td>
<td>testcases.projects.GetProjectClientTestCases@645aa696</td></tr>
<tr>
<td title='testcases.projects.DeleteProjectClientTestCases.verifyDeleteProjectClientWithInvalidTenantId()'><b>verifyDeleteProjectClientWithInvalidTenantId</b><br>Test class: testcases.projects.DeleteProjectClientTestCases</td>
<td></td>
<td>0</td>
<td>testcases.projects.DeleteProjectClientTestCases@413d1baf</td></tr>
<tr>
<td title='testcases.projects.DeleteProjectByIdTestCases.verifyDeleteProjectByIdWithInvalidProjectIds()'><b>verifyDeleteProjectByIdWithInvalidProjectIds</b><br>Test class: testcases.projects.DeleteProjectByIdTestCases</td>
<td></td>
<td>0</td>
<td>testcases.projects.DeleteProjectByIdTestCases@909217e</td></tr>
<tr>
<td title='testcases.projects.CreateProjectMemberTestCases.verifyCreateProjectMemberWithInvalidTenantId()'><b>verifyCreateProjectMemberWithInvalidTenantId</b><br>Test class: testcases.projects.CreateProjectMemberTestCases</td>
<td></td>
<td>0</td>
<td>testcases.projects.CreateProjectMemberTestCases@48075da3</td></tr>
<tr>
<td title='testcases.projects.GetProjectIdTestCases.verifyGetProjectDetailsWithInvalidProjectIds()'><b>verifyGetProjectDetailsWithInvalidProjectIds</b><br>Test class: testcases.projects.GetProjectIdTestCases</td>
<td></td>
<td>0</td>
<td>testcases.projects.GetProjectIdTestCases@5afa3c9</td></tr>
<tr>
<td title='testcases.LoginTestCases.verifyLoginWithIncorrectEmail()'><b>verifyLoginWithIncorrectEmail</b><br>Test class: testcases.LoginTestCases</td>
<td></td>
<td>0</td>
<td>testcases.LoginTestCases@6e9175d8</td></tr>
<tr>
<td title='testcases.projects.GetProjectManagerTestCases.verifyGetProjectManagerWithInvalidAccessToken()'><b>verifyGetProjectManagerWithInvalidAccessToken</b><br>Test class: testcases.projects.GetProjectManagerTestCases</td>
<td></td>
<td>0</td>
<td>testcases.projects.GetProjectManagerTestCases@5e2c3d18</td></tr>
<tr>
<td title='testcases.projects.DeleteProjectManagerTestCases.verifyDeleteProjectManagerWithoutAccessToken()'><b>verifyDeleteProjectManagerWithoutAccessToken</b><br>Test class: testcases.projects.DeleteProjectManagerTestCases</td>
<td></td>
<td>0</td>
<td>testcases.projects.DeleteProjectManagerTestCases@5b218417</td></tr>
<tr>
<td title='testcases.projects.DeleteProjectByIdTestCases.verifyDeleteProjectByIdWithInvalidTenantId()'><b>verifyDeleteProjectByIdWithInvalidTenantId</b><br>Test class: testcases.projects.DeleteProjectByIdTestCases</td>
<td></td>
<td>0</td>
<td>testcases.projects.DeleteProjectByIdTestCases@909217e</td></tr>
<tr>
<td title='testcases.projects.MultiUpdateProjectMembersTestCases.verifyMultiUpdateProjectMembersWithoutAccessToken()'><b>verifyMultiUpdateProjectMembersWithoutAccessToken</b><br>Test class: testcases.projects.MultiUpdateProjectMembersTestCases</td>
<td></td>
<td>0</td>
<td>testcases.projects.MultiUpdateProjectMembersTestCases@2cb4893b</td></tr>
<tr>
<td title='testcases.projects.DeleteProjectBudgetTestCases.verifyDeleteProjectBudgetWithInvalidProjectIds()'><b>verifyDeleteProjectBudgetWithInvalidProjectIds</b><br>Test class: testcases.projects.DeleteProjectBudgetTestCases</td>
<td></td>
<td>0</td>
<td>testcases.projects.DeleteProjectBudgetTestCases@8458f04</td></tr>
<tr>
<td title='testcases.projectboards.GetProjectBoardTestCases.verifyGetProjectBoardWithInvalidTenantId()'><b>verifyGetProjectBoardWithInvalidTenantId</b><br>Test class: testcases.projectboards.GetProjectBoardTestCases</td>
<td></td>
<td>0</td>
<td>testcases.projectboards.GetProjectBoardTestCases@16eb3ea3</td></tr>
<tr>
<td title='testcases.projectboards.GetProjectBoardByStatusTestCases.verifyGetProjectBoardByStatusWithInvalidTenantId()'><b>verifyGetProjectBoardByStatusWithInvalidTenantId</b><br>Test class: testcases.projectboards.GetProjectBoardByStatusTestCases</td>
<td></td>
<td>0</td>
<td>testcases.projectboards.GetProjectBoardByStatusTestCases@273444fe</td></tr>
<tr>
<td title='testcases.projects.DeleteProjectManagerTestCases.verifyDeleteProjectManagerWithInvalidTenantId()'><b>verifyDeleteProjectManagerWithInvalidTenantId</b><br>Test class: testcases.projects.DeleteProjectManagerTestCases</td>
<td></td>
<td>0</td>
<td>testcases.projects.DeleteProjectManagerTestCases@5b218417</td></tr>
<tr>
<td title='testcases.projects.GetProjectIdTestCases.verifyGetProjectDetails()'><b>verifyGetProjectDetails</b><br>Test class: testcases.projects.GetProjectIdTestCases</td>
<td></td>
<td>0</td>
<td>testcases.projects.GetProjectIdTestCases@5afa3c9</td></tr>
<tr>
<td title='testcases.projects.GetProjectIdTestCases.verifyGetProjectDetailsWithInvalidTenantId()'><b>verifyGetProjectDetailsWithInvalidTenantId</b><br>Test class: testcases.projects.GetProjectIdTestCases</td>
<td></td>
<td>0</td>
<td>testcases.projects.GetProjectIdTestCases@5afa3c9</td></tr>
<tr>
<td title='testcases.projects.GetProjectBudgetTestCases.verifyGetProjectBudgetWithInvalidAccessToken()'><b>verifyGetProjectBudgetWithInvalidAccessToken</b><br>Test class: testcases.projects.GetProjectBudgetTestCases</td>
<td></td>
<td>0</td>
<td>testcases.projects.GetProjectBudgetTestCases@18271936</td></tr>
<tr>
<td title='testcases.projects.DeleteProjectMemberTestCases.verifyDeleteProjectMemberWithInvalidTenantId()'><b>verifyDeleteProjectMemberWithInvalidTenantId</b><br>Test class: testcases.projects.DeleteProjectMemberTestCases</td>
<td></td>
<td>0</td>
<td>testcases.projects.DeleteProjectMemberTestCases@7a35b0f5</td></tr>
<tr>
<td title='testcases.projects.UpdateProjectManagerTestCases.verifyUpdateProjectManagerWithInvalidAccessToken()'><b>verifyUpdateProjectManagerWithInvalidAccessToken</b><br>Test class: testcases.projects.UpdateProjectManagerTestCases</td>
<td></td>
<td>0</td>
<td>testcases.projects.UpdateProjectManagerTestCases@68c9133c</td></tr>
<tr>
<td title='testcases.projects.UpdateProjectManagerTestCases.verifyUpdateProjectManagerWithoutAccessToken()'><b>verifyUpdateProjectManagerWithoutAccessToken</b><br>Test class: testcases.projects.UpdateProjectManagerTestCases</td>
<td></td>
<td>0</td>
<td>testcases.projects.UpdateProjectManagerTestCases@68c9133c</td></tr>
<tr>
<td title='testcases.projects.UpdateProjectBudgetTestCases.verifyUpdateProjectBudgetWithoutAccessToken()'><b>verifyUpdateProjectBudgetWithoutAccessToken</b><br>Test class: testcases.projects.UpdateProjectBudgetTestCases</td>
<td></td>
<td>0</td>
<td>testcases.projects.UpdateProjectBudgetTestCases@606e4010</td></tr>
<tr>
<td title='testcases.projects.GetProjectIdTestCases.verifyGetProjectDetailsWithoutAccessToken()'><b>verifyGetProjectDetailsWithoutAccessToken</b><br>Test class: testcases.projects.GetProjectIdTestCases</td>
<td></td>
<td>0</td>
<td>testcases.projects.GetProjectIdTestCases@5afa3c9</td></tr>
<tr>
<td title='testcases.projects.UpdateProjectManagerTestCases.verifyUpdateProjectManagerWithInvalidProjectId()'><b>verifyUpdateProjectManagerWithInvalidProjectId</b><br>Test class: testcases.projects.UpdateProjectManagerTestCases</td>
<td></td>
<td>0</td>
<td>testcases.projects.UpdateProjectManagerTestCases@68c9133c</td></tr>
<tr>
<td title='testcases.projects.UpdateProjectManagerTestCases.verifyUpdateProjectManager()'><b>verifyUpdateProjectManager</b><br>Test class: testcases.projects.UpdateProjectManagerTestCases</td>
<td></td>
<td>0</td>
<td>testcases.projects.UpdateProjectManagerTestCases@68c9133c</td></tr>
<tr>
<td title='testcases.projects.DeleteProjectManagerTestCases.verifyDeleteProjectManager()'><b>verifyDeleteProjectManager</b><br>Test class: testcases.projects.DeleteProjectManagerTestCases</td>
<td></td>
<td>0</td>
<td>testcases.projects.DeleteProjectManagerTestCases@5b218417</td></tr>
<tr>
<td title='testcases.projects.GetProjectCardViewTestCases.verifyGetProjectCardViewWithoutTenantId()'><b>verifyGetProjectCardViewWithoutTenantId</b><br>Test class: testcases.projects.GetProjectCardViewTestCases</td>
<td></td>
<td>0</td>
<td>testcases.projects.GetProjectCardViewTestCases@5f049ea1</td></tr>
<tr>
<td title='testcases.projects.UpdateProjectBudgetTestCases.verifyUpdateProjectBudgetWithInvalidTenantId()'><b>verifyUpdateProjectBudgetWithInvalidTenantId</b><br>Test class: testcases.projects.UpdateProjectBudgetTestCases</td>
<td></td>
<td>0</td>
<td>testcases.projects.UpdateProjectBudgetTestCases@606e4010</td></tr>
<tr>
<td title='testcases.projects.UpdateProjectBudgetTestCases.verifyUpdateProjectBudgetWithInvalidAccessToken()'><b>verifyUpdateProjectBudgetWithInvalidAccessToken</b><br>Test class: testcases.projects.UpdateProjectBudgetTestCases</td>
<td></td>
<td>0</td>
<td>testcases.projects.UpdateProjectBudgetTestCases@606e4010</td></tr>
<tr>
<td title='testcases.projectboards.GetProjectBoardByStatusTestCases.verifyGetProjectBoardByStatus()'><b>verifyGetProjectBoardByStatus</b><br>Test class: testcases.projectboards.GetProjectBoardByStatusTestCases</td>
<td></td>
<td>0</td>
<td>testcases.projectboards.GetProjectBoardByStatusTestCases@273444fe</td></tr>
<tr>
<td title='testcases.projectboards.GetProjectBoardByStatusTestCases.verifyGetDoingTasks()'><b>verifyGetDoingTasks</b><br>Test class: testcases.projectboards.GetProjectBoardByStatusTestCases</td>
<td></td>
<td>0</td>
<td>testcases.projectboards.GetProjectBoardByStatusTestCases@273444fe</td></tr>
<tr>
<td title='testcases.projects.GetProjectManagerTestCases.verifyGetProjectManager()'><b>verifyGetProjectManager</b><br>Test class: testcases.projects.GetProjectManagerTestCases</td>
<td></td>
<td>0</td>
<td>testcases.projects.GetProjectManagerTestCases@5e2c3d18</td></tr>
<tr>
<td title='testcases.projects.CreateProjectMemberTestCases.verifyCreateProjectMember()'><b>verifyCreateProjectMember</b><br>Test class: testcases.projects.CreateProjectMemberTestCases</td>
<td></td>
<td>0</td>
<td>testcases.projects.CreateProjectMemberTestCases@48075da3</td></tr>
<tr>
<td title='testcases.projectboards.GetProjectBoardTestCases.verifyGetProjectBoardWithInvalidAccessToken()'><b>verifyGetProjectBoardWithInvalidAccessToken</b><br>Test class: testcases.projectboards.GetProjectBoardTestCases</td>
<td></td>
<td>0</td>
<td>testcases.projectboards.GetProjectBoardTestCases@16eb3ea3</td></tr>
<tr>
<td title='testcases.projects.GetProjectBudgetTestCases.verifyGetProjectBudgetWithInvalidTenantId()'><b>verifyGetProjectBudgetWithInvalidTenantId</b><br>Test class: testcases.projects.GetProjectBudgetTestCases</td>
<td></td>
<td>0</td>
<td>testcases.projects.GetProjectBudgetTestCases@18271936</td></tr>
<tr>
<td title='testcases.projects.CreateProjectMemberTestCases.verifyCreateProjectMemberWithInvalidAccessToken()'><b>verifyCreateProjectMemberWithInvalidAccessToken</b><br>Test class: testcases.projects.CreateProjectMemberTestCases</td>
<td></td>
<td>0</td>
<td>testcases.projects.CreateProjectMemberTestCases@48075da3</td></tr>
<tr>
<td title='testcases.projects.DeleteProjectBudgetTestCases.verifyDeleteProjectBudget()'><b>verifyDeleteProjectBudget</b><br>Test class: testcases.projects.DeleteProjectBudgetTestCases</td>
<td></td>
<td>0</td>
<td>testcases.projects.DeleteProjectBudgetTestCases@8458f04</td></tr>
<tr>
<td title='testcases.projects.GetProjectManagerTestCases.verifyGetProjectManagerWithInvalidProjectIds()'><b>verifyGetProjectManagerWithInvalidProjectIds</b><br>Test class: testcases.projects.GetProjectManagerTestCases</td>
<td></td>
<td>0</td>
<td>testcases.projects.GetProjectManagerTestCases@5e2c3d18</td></tr>
<tr>
<td title='testcases.projects.GetProjectManagerTestCases.verifyGetProjectManagerWithInvalidTenantId()'><b>verifyGetProjectManagerWithInvalidTenantId</b><br>Test class: testcases.projects.GetProjectManagerTestCases</td>
<td></td>
<td>0</td>
<td>testcases.projects.GetProjectManagerTestCases@5e2c3d18</td></tr>
<tr>
<td title='testcases.projects.MultiUpdateProjectMembersTestCases.verifyMultiUpdateProjectMembersWithInvalidTenantId()'><b>verifyMultiUpdateProjectMembersWithInvalidTenantId</b><br>Test class: testcases.projects.MultiUpdateProjectMembersTestCases</td>
<td></td>
<td>0</td>
<td>testcases.projects.MultiUpdateProjectMembersTestCases@2cb4893b</td></tr>
<tr>
<td title='testcases.projects.DeleteProjectBudgetTestCases.verifyDeleteProjectBudgetWithoutAccessToken()'><b>verifyDeleteProjectBudgetWithoutAccessToken</b><br>Test class: testcases.projects.DeleteProjectBudgetTestCases</td>
<td></td>
<td>0</td>
<td>testcases.projects.DeleteProjectBudgetTestCases@8458f04</td></tr>
<tr>
<td title='testcases.projects.GetProjectClientTestCases.verifyGetProjectClientWithoutAccessToken()'><b>verifyGetProjectClientWithoutAccessToken</b><br>Test class: testcases.projects.GetProjectClientTestCases</td>
<td></td>
<td>0</td>
<td>testcases.projects.GetProjectClientTestCases@645aa696</td></tr>
<tr>
<td title='testcases.projects.CreateProjectTestCases.verifyCreateProjectWithInvalidStartDate()'><b>verifyCreateProjectWithInvalidStartDate</b><br>Test class: testcases.projects.CreateProjectTestCases</td>
<td></td>
<td>0</td>
<td>testcases.projects.CreateProjectTestCases@3f191845</td></tr>
<tr>
<td title='testcases.projects.UpdateProjectByIdTestCases.verifyUpdateProjectByIdWithoutAccessToken()'><b>verifyUpdateProjectByIdWithoutAccessToken</b><br>Test class: testcases.projects.UpdateProjectByIdTestCases</td>
<td></td>
<td>0</td>
<td>testcases.projects.UpdateProjectByIdTestCases@72035809</td></tr>
<tr>
<td title='testcases.LoginTestCases.verifySuccessfulLogin()'><b>verifySuccessfulLogin</b><br>Test class: testcases.LoginTestCases</td>
<td></td>
<td>3</td>
<td>testcases.LoginTestCases@6e9175d8</td></tr>
<tr>
<td title='testcases.projects.UpdateProjectClientTestCases.verifyUpdateProjectClientWithoutAccessToken()'><b>verifyUpdateProjectClientWithoutAccessToken</b><br>Test class: testcases.projects.UpdateProjectClientTestCases</td>
<td></td>
<td>0</td>
<td>testcases.projects.UpdateProjectClientTestCases@6caf0677</td></tr>
<tr>
<td title='testcases.projects.GetAllProjectMemberTestCases.verifyGetAllProjectMembers()'><b>verifyGetAllProjectMembers</b><br>Test class: testcases.projects.GetAllProjectMemberTestCases</td>
<td></td>
<td>0</td>
<td>testcases.projects.GetAllProjectMemberTestCases@cc43f62</td></tr>
<tr>
<td title='testcases.projectboards.GetProjectBoardByStatusTestCases.verifyGetProjectBoardByStatusWithoutAccessToken()'><b>verifyGetProjectBoardByStatusWithoutAccessToken</b><br>Test class: testcases.projectboards.GetProjectBoardByStatusTestCases</td>
<td></td>
<td>0</td>
<td>testcases.projectboards.GetProjectBoardByStatusTestCases@273444fe</td></tr>
<tr>
<td title='testcases.projects.CreateProjectTestCases.verifyCreateProjectWithEmptyProjectName()'><b>verifyCreateProjectWithEmptyProjectName</b><br>Test class: testcases.projects.CreateProjectTestCases</td>
<td></td>
<td>0</td>
<td>testcases.projects.CreateProjectTestCases@3f191845</td></tr>
<tr>
<td title='testcases.projects.DeleteProjectClientTestCases.verifyDeleteProjectClient()'><b>verifyDeleteProjectClient</b><br>Test class: testcases.projects.DeleteProjectClientTestCases</td>
<td></td>
<td>0</td>
<td>testcases.projects.DeleteProjectClientTestCases@413d1baf</td></tr>
<tr>
<td title='testcases.projects.UpdateProjectBudgetTestCases.verifyUpdateProjectBudget()'><b>verifyUpdateProjectBudget</b><br>Test class: testcases.projects.UpdateProjectBudgetTestCases</td>
<td></td>
<td>0</td>
<td>testcases.projects.UpdateProjectBudgetTestCases@606e4010</td></tr>
<tr>
<td title='testcases.projects.DeleteProjectMemberTestCases.verifyDeleteProjectMember()'><b>verifyDeleteProjectMember</b><br>Test class: testcases.projects.DeleteProjectMemberTestCases</td>
<td></td>
<td>0</td>
<td>testcases.projects.DeleteProjectMemberTestCases@7a35b0f5</td></tr>
<tr>
<td title='testcases.projects.UpdateProjectByIdTestCases.verifyUpdateProjectByIdWithInvalidTenantId()'><b>verifyUpdateProjectByIdWithInvalidTenantId</b><br>Test class: testcases.projects.UpdateProjectByIdTestCases</td>
<td></td>
<td>0</td>
<td>testcases.projects.UpdateProjectByIdTestCases@72035809</td></tr>
<tr>
<td title='testcases.projects.CreateProjectMemberTestCases.verifyCreateProjectMemberWithoutAccessToken()'><b>verifyCreateProjectMemberWithoutAccessToken</b><br>Test class: testcases.projects.CreateProjectMemberTestCases</td>
<td></td>
<td>0</td>
<td>testcases.projects.CreateProjectMemberTestCases@48075da3</td></tr>
<tr>
<td title='testcases.projects.CreateProjectTestCases.verifyCreateProjectWithoutAuthorizationToken()'><b>verifyCreateProjectWithoutAuthorizationToken</b><br>Test class: testcases.projects.CreateProjectTestCases</td>
<td></td>
<td>0</td>
<td>testcases.projects.CreateProjectTestCases@3f191845</td></tr>
<tr>
<td title='testcases.projects.DeleteProjectBudgetTestCases.verifyDeleteProjectBudgetWithInvalidAccessToken()'><b>verifyDeleteProjectBudgetWithInvalidAccessToken</b><br>Test class: testcases.projects.DeleteProjectBudgetTestCases</td>
<td></td>
<td>0</td>
<td>testcases.projects.DeleteProjectBudgetTestCases@8458f04</td></tr>
<tr>
<td title='testcases.projects.GetProjectClientTestCases.verifyGetProjectClientWithInvalidTenantId()'><b>verifyGetProjectClientWithInvalidTenantId</b><br>Test class: testcases.projects.GetProjectClientTestCases</td>
<td></td>
<td>0</td>
<td>testcases.projects.GetProjectClientTestCases@645aa696</td></tr>
<tr>
<td title='testcases.projects.GetProjectPriorityTestCases.verifyGetProjectPriorities()'><b>verifyGetProjectPriorities</b><br>Test class: testcases.projects.GetProjectPriorityTestCases</td>
<td></td>
<td>0</td>
<td>testcases.projects.GetProjectPriorityTestCases@72cc7e6f</td></tr>
<tr>
<td title='testcases.projects.GetProjectCardViewTestCases.verifyGetProjectCardView()'><b>verifyGetProjectCardView</b><br>Test class: testcases.projects.GetProjectCardViewTestCases</td>
<td></td>
<td>0</td>
<td>testcases.projects.GetProjectCardViewTestCases@5f049ea1</td></tr>
<tr>
<td title='testcases.projectboards.GetProjectBoardByStatusTestCases.verifyGetDoneTasks()'><b>verifyGetDoneTasks</b><br>Test class: testcases.projectboards.GetProjectBoardByStatusTestCases</td>
<td></td>
<td>0</td>
<td>testcases.projectboards.GetProjectBoardByStatusTestCases@273444fe</td></tr>
<tr>
<td title='testcases.projects.DeleteProjectByIdTestCases.verifyDeleteProjectByIdWithoutAccessToken()'><b>verifyDeleteProjectByIdWithoutAccessToken</b><br>Test class: testcases.projects.DeleteProjectByIdTestCases</td>
<td></td>
<td>0</td>
<td>testcases.projects.DeleteProjectByIdTestCases@909217e</td></tr>
<tr>
<td title='testcases.projects.GetAllProjectMemberTestCases.verifyGetAllProjectMembersWithInvalidAccessToken()'><b>verifyGetAllProjectMembersWithInvalidAccessToken</b><br>Test class: testcases.projects.GetAllProjectMemberTestCases</td>
<td></td>
<td>0</td>
<td>testcases.projects.GetAllProjectMemberTestCases@cc43f62</td></tr>
<tr>
<td title='testcases.projects.UpdateProjectByIdTestCases.verifyUpdateProjectById()'><b>verifyUpdateProjectById</b><br>Test class: testcases.projects.UpdateProjectByIdTestCases</td>
<td></td>
<td>0</td>
<td>testcases.projects.UpdateProjectByIdTestCases@72035809</td></tr>
<tr>
<td title='testcases.projectboards.GetProjectBoardTestCases.verifyGetProjectBoardWithoutAccessToken()'><b>verifyGetProjectBoardWithoutAccessToken</b><br>Test class: testcases.projectboards.GetProjectBoardTestCases</td>
<td></td>
<td>0</td>
<td>testcases.projectboards.GetProjectBoardTestCases@16eb3ea3</td></tr>
<tr>
<td title='testcases.projects.UpdateProjectBudgetTestCases.verifyUpdateProjectBudgetWithInvalidProjectIds()'><b>verifyUpdateProjectBudgetWithInvalidProjectIds</b><br>Test class: testcases.projects.UpdateProjectBudgetTestCases</td>
<td></td>
<td>0</td>
<td>testcases.projects.UpdateProjectBudgetTestCases@606e4010</td></tr>
<tr>
<td title='testcases.projects.UpdateProjectClientTestCases.verifyUpdateProjectClientWithInvalidTenantId()'><b>verifyUpdateProjectClientWithInvalidTenantId</b><br>Test class: testcases.projects.UpdateProjectClientTestCases</td>
<td></td>
<td>0</td>
<td>testcases.projects.UpdateProjectClientTestCases@6caf0677</td></tr>
<tr>
<td title='testcases.projects.DeleteProjectClientTestCases.verifyDeleteProjectClientWithoutAccessToken()'><b>verifyDeleteProjectClientWithoutAccessToken</b><br>Test class: testcases.projects.DeleteProjectClientTestCases</td>
<td></td>
<td>0</td>
<td>testcases.projects.DeleteProjectClientTestCases@413d1baf</td></tr>
<tr>
<td title='testcases.projects.GetProjectClientTestCases.verifyGetProjectClientWithInvalidAccessToken()'><b>verifyGetProjectClientWithInvalidAccessToken</b><br>Test class: testcases.projects.GetProjectClientTestCases</td>
<td></td>
<td>0</td>
<td>testcases.projects.GetProjectClientTestCases@645aa696</td></tr>
<tr>
<td title='testcases.projects.UpdateProjectByIdTestCases.verifyUpdateProjectByIdWithInvalidProjectIds()'><b>verifyUpdateProjectByIdWithInvalidProjectIds</b><br>Test class: testcases.projects.UpdateProjectByIdTestCases</td>
<td></td>
<td>0</td>
<td>testcases.projects.UpdateProjectByIdTestCases@72035809</td></tr>
<tr>
<td title='testcases.projects.GetAllProjectMemberTestCases.verifyGetAllProjectMembersWithoutAccessToken()'><b>verifyGetAllProjectMembersWithoutAccessToken</b><br>Test class: testcases.projects.GetAllProjectMemberTestCases</td>
<td></td>
<td>0</td>
<td>testcases.projects.GetAllProjectMemberTestCases@cc43f62</td></tr>
<tr>
<td title='testcases.projects.UpdateProjectClientTestCases.verifyUpdateProjectClient()'><b>verifyUpdateProjectClient</b><br>Test class: testcases.projects.UpdateProjectClientTestCases</td>
<td></td>
<td>0</td>
<td>testcases.projects.UpdateProjectClientTestCases@6caf0677</td></tr>
<tr>
<td title='testcases.projects.GetProjectManagerTestCases.verifyGetProjectManagerWithoutAccessToken()'><b>verifyGetProjectManagerWithoutAccessToken</b><br>Test class: testcases.projects.GetProjectManagerTestCases</td>
<td></td>
<td>0</td>
<td>testcases.projects.GetProjectManagerTestCases@5e2c3d18</td></tr>
<tr>
<td title='testcases.projects.DeleteProjectBudgetTestCases.verifyDeleteProjectBudgetWithInvalidTenantId()'><b>verifyDeleteProjectBudgetWithInvalidTenantId</b><br>Test class: testcases.projects.DeleteProjectBudgetTestCases</td>
<td></td>
<td>0</td>
<td>testcases.projects.DeleteProjectBudgetTestCases@8458f04</td></tr>
<tr>
<td title='testcases.projects.DeleteProjectMemberTestCases.verifyDeleteProjectMemberWithoutAccessToken()'><b>verifyDeleteProjectMemberWithoutAccessToken</b><br>Test class: testcases.projects.DeleteProjectMemberTestCases</td>
<td></td>
<td>0</td>
<td>testcases.projects.DeleteProjectMemberTestCases@7a35b0f5</td></tr>
<tr>
<td title='testcases.LoginTestCases.verifyLoginWithEmptyCredentials()'><b>verifyLoginWithEmptyCredentials</b><br>Test class: testcases.LoginTestCases</td>
<td></td>
<td>0</td>
<td>testcases.LoginTestCases@6e9175d8</td></tr>
<tr>
<td title='testcases.projects.DeleteProjectClientTestCases.verifyDeleteProjectClientWithInvalidAccessToken()'><b>verifyDeleteProjectClientWithInvalidAccessToken</b><br>Test class: testcases.projects.DeleteProjectClientTestCases</td>
<td></td>
<td>0</td>
<td>testcases.projects.DeleteProjectClientTestCases@413d1baf</td></tr>
<tr>
<td title='testcases.projects.GetProjectIdTestCases.verifyGetProjectDetailsWithInvalidAccessToken()'><b>verifyGetProjectDetailsWithInvalidAccessToken</b><br>Test class: testcases.projects.GetProjectIdTestCases</td>
<td></td>
<td>0</td>
<td>testcases.projects.GetProjectIdTestCases@5afa3c9</td></tr>
<tr>
<td title='testcases.projects.GetProjectBudgetTestCases.verifyGetProjectBudgetWithInvalidProjectIds()'><b>verifyGetProjectBudgetWithInvalidProjectIds</b><br>Test class: testcases.projects.GetProjectBudgetTestCases</td>
<td></td>
<td>0</td>
<td>testcases.projects.GetProjectBudgetTestCases@18271936</td></tr>
<tr>
<td title='testcases.projects.DeleteProjectManagerTestCases.verifyDeleteProjectManagerWithInvalidProjectIds()'><b>verifyDeleteProjectManagerWithInvalidProjectIds</b><br>Test class: testcases.projects.DeleteProjectManagerTestCases</td>
<td></td>
<td>0</td>
<td>testcases.projects.DeleteProjectManagerTestCases@5b218417</td></tr>
<tr>
<td title='testcases.projects.MultiUpdateProjectMembersTestCases.verifyMultiUpdateProjectMembers()'><b>verifyMultiUpdateProjectMembers</b><br>Test class: testcases.projects.MultiUpdateProjectMembersTestCases</td>
<td></td>
<td>0</td>
<td>testcases.projects.MultiUpdateProjectMembersTestCases@2cb4893b</td></tr>
<tr>
<td title='testcases.projects.DeleteProjectManagerTestCases.verifyDeleteProjectManagerWithInvalidAccessToken()'><b>verifyDeleteProjectManagerWithInvalidAccessToken</b><br>Test class: testcases.projects.DeleteProjectManagerTestCases</td>
<td></td>
<td>0</td>
<td>testcases.projects.DeleteProjectManagerTestCases@5b218417</td></tr>
<tr>
<td title='testcases.projects.GetProjectBudgetTestCases.verifyGetProjectBudgetWithoutAccessToken()'><b>verifyGetProjectBudgetWithoutAccessToken</b><br>Test class: testcases.projects.GetProjectBudgetTestCases</td>
<td></td>
<td>0</td>
<td>testcases.projects.GetProjectBudgetTestCases@18271936</td></tr>
<tr>
<td title='testcases.projects.UpdateProjectManagerTestCases.verifyUpdateProjectManagerWithInvalidTenantId()'><b>verifyUpdateProjectManagerWithInvalidTenantId</b><br>Test class: testcases.projects.UpdateProjectManagerTestCases</td>
<td></td>
<td>0</td>
<td>testcases.projects.UpdateProjectManagerTestCases@68c9133c</td></tr>
<tr>
<td title='testcases.projectboards.GetProjectBoardByStatusTestCases.verifyGetProjectBoardByStatusWithInvalidAccessToken()'><b>verifyGetProjectBoardByStatusWithInvalidAccessToken</b><br>Test class: testcases.projectboards.GetProjectBoardByStatusTestCases</td>
<td></td>
<td>0</td>
<td>testcases.projectboards.GetProjectBoardByStatusTestCases@273444fe</td></tr>
<tr>
<td title='testcases.LoginTestCases.verifyLoginWithIncorrectPassword()'><b>verifyLoginWithIncorrectPassword</b><br>Test class: testcases.LoginTestCases</td>
<td></td>
<td>0</td>
<td>testcases.LoginTestCases@6e9175d8</td></tr>
<tr>
<td title='testcases.projects.UpdateProjectClientTestCases.verifyUpdateProjectClientWithInvalidAccessToken()'><b>verifyUpdateProjectClientWithInvalidAccessToken</b><br>Test class: testcases.projects.UpdateProjectClientTestCases</td>
<td></td>
<td>0</td>
<td>testcases.projects.UpdateProjectClientTestCases@6caf0677</td></tr>
<tr>
<td title='testcases.projects.UpdateProjectByIdTestCases.verifyUpdateProjectByIdWithInvalidAccessToken()'><b>verifyUpdateProjectByIdWithInvalidAccessToken</b><br>Test class: testcases.projects.UpdateProjectByIdTestCases</td>
<td></td>
<td>0</td>
<td>testcases.projects.UpdateProjectByIdTestCases@72035809</td></tr>
</table><p>
</body>
</html>